#
# There is insufficient memory for the Java Runtime Environment to continue.
# Native memory allocation (mmap) failed to map 2264924160 bytes. Error detail: G1 virtual space
# Possible reasons:
#   The system is out of physical RAM or swap space
#   This process is running with CompressedOops enabled, and the Java Heap may be blocking the growth of the native heap
# Possible solutions:
#   Reduce memory load on the system
#   Increase physical memory or swap space
#   Check if swap backing store is full
#   Decrease Java heap size (-Xmx/-Xms)
#   Decrease number of Java threads
#   Decrease Java thread stack sizes (-Xss)
#   Set larger code cache with -XX:ReservedCodeCacheSize=
#   JVM is running with Zero Based Compressed Oops mode in which the Java heap is
#     placed in the first 32GB address space. The Java Heap base address is the
#     maximum limit for the native heap growth. Please use -XX:HeapBaseMinAddress
#     to set the Java Heap base and to place the Java Heap above 32GB virtual address.
# This output file may be truncated or incomplete.
#
#  Out of Memory Error (os_windows.cpp:3618), pid=6696, tid=6648
#
# JRE version: OpenJDK Runtime Environment Temurin-17.0.18+8 (17.0.18+8) (build 17.0.18+8)
# Java VM: OpenJDK 64-Bit Server VM Temurin-17.0.18+8 (17.0.18+8, mixed mode, sharing, tiered, compressed oops, compressed class ptrs, g1 gc, windows-amd64)
# No core dump will be written. Minidumps are not enabled by default on client versions of Windows
#

---------------  S U M M A R Y ------------

Command Line: --add-opens=java.base/java.lang=ALL-UNNAMED --add-opens=java.base/java.lang.invoke=ALL-UNNAMED --add-opens=java.base/java.util=ALL-UNNAMED --add-opens=java.prefs/java.util.prefs=ALL-UNNAMED --add-exports=jdk.compiler/com.sun.tools.javac.api=ALL-UNNAMED --add-exports=jdk.compiler/com.sun.tools.javac.util=ALL-UNNAMED --add-opens=java.base/java.util=ALL-UNNAMED --add-opens=java.prefs/java.util.prefs=ALL-UNNAMED --add-opens=java.base/java.nio.charset=ALL-UNNAMED --add-opens=java.base/java.net=ALL-UNNAMED --add-opens=java.base/java.util.concurrent.atomic=ALL-UNNAMED --add-opens=java.xml/javax.xml.namespace=ALL-UNNAMED -XX:MaxMetaspaceSize=4G -XX:ReservedCodeCacheSize=512m -XX:+HeapDumpOnOutOfMemoryError -Xmx8G -Dfile.encoding=windows-1252 -Duser.country=US -Duser.language=en -Duser.variant -javaagent:C:\Users\HONAB\.gradle\wrapper\dists\gradle-8.14-all\c2qonpi39x1mddn7hk5gh9iqj\gradle-8.14\lib\agents\gradle-instrumentation-agent-8.14.jar org.gradle.launcher.daemon.bootstrap.GradleDaemon 8.14

Host: AMD Athlon(tm) II X2 215 Processor, 2 cores, 2G,  Windows 10 , 64 bit Build 18362 (10.0.18362.1)
Time: Tue Apr 14 00:39:11 2026 Pacific Daylight Time elapsed time: 1892.673935 seconds (0d 0h 31m 32s)

---------------  T H R E A D  ---------------

Current thread (0x0000022458946500):  VMThread "VM Thread" [stack: 0x000000b370400000,0x000000b370500000] [id=6648]

Stack: [0x000000b370400000,0x000000b370500000]
Native frames: (J=compiled Java code, j=interpreted, Vv=VM code, C=native code)
V  [jvm.dll+0x6846f9]
V  [jvm.dll+0x839ea5]
V  [jvm.dll+0x83b91e]
V  [jvm.dll+0x83bfa3]
V  [jvm.dll+0x248eff]
V  [jvm.dll+0x6814b9]
V  [jvm.dll+0x6762ba]
V  [jvm.dll+0x309257]
V  [jvm.dll+0x310826]
V  [jvm.dll+0x360d9e]
V  [jvm.dll+0x360fdd]
V  [jvm.dll+0x2e02dc]
V  [jvm.dll+0x2de6b2]
V  [jvm.dll+0x2dde4c]
V  [jvm.dll+0x320aeb]
V  [jvm.dll+0x8407bd]
V  [jvm.dll+0x8414f3]
V  [jvm.dll+0x841a1f]
V  [jvm.dll+0x841e05]
V  [jvm.dll+0x841ece]
V  [jvm.dll+0x7eaaec]
V  [jvm.dll+0x6835c7]
C  [ucrtbase.dll+0x1d912]
C  [KERNEL32.DLL+0x17944]
C  [ntdll.dll+0x6ce71]

VM_Operation (0x000000b3718f5aa0): G1CollectForAllocation, mode: safepoint, requested by thread 0x00000224a5061120


---------------  P R O C E S S  ---------------

Threads class SMR info:
_java_thread_list=0x00000224a5a0cf30, length=49, elements={
0x000002241dc7c6b0, 0x000002245894f0a0, 0x000002245894fe30, 0x00000224589692f0,
0x000002245896abd0, 0x000002245896d4b0, 0x000002245896dd80, 0x000002245896ea30,
0x00000224589d84a0, 0x00000224589da9d0, 0x0000022458937cd0, 0x000002245adc3ac0,
0x00000224a096fb00, 0x00000224a0380f30, 0x00000224a0bcd3c0, 0x00000224a0860de0,
0x00000224a085e560, 0x00000224a085ef80, 0x00000224a08603c0, 0x00000224a21c4ed0,
0x00000224a21c5e00, 0x00000224a21c07f0, 0x00000224a5062560, 0x00000224a5066730,
0x00000224a5066c40, 0x00000224a5061120, 0x00000224a5062f80, 0x00000224a5063490,
0x00000224a5067150, 0x00000224a50601f0, 0x00000224a5063eb0, 0x00000224a5060700,
0x00000224a21bfdd0, 0x00000224a21c6310, 0x00000224a21bf8c0, 0x00000224a21c02e0,
0x00000224a21c3fa0, 0x00000224a21c1210, 0x00000224a21c1c30, 0x00000224a21c6820,
0x00000224a21c2650, 0x00000224a21c2b60, 0x00000224a21c6d30, 0x00000224a21c44b0,
0x00000224a21c53e0, 0x00000224a21c58f0, 0x00000224a364b5a0, 0x00000224a3645570,
0x00000224aa081a00
}

Java Threads: ( => current thread )
  0x000002241dc7c6b0 JavaThread "main" [_thread_blocked, id=6580, stack(0x000000b36fe00000,0x000000b36ff00000)]
  0x000002245894f0a0 JavaThread "Reference Handler" daemon [_thread_blocked, id=5768, stack(0x000000b370500000,0x000000b370600000)]
  0x000002245894fe30 JavaThread "Finalizer" daemon [_thread_blocked, id=4876, stack(0x000000b370600000,0x000000b370700000)]
  0x00000224589692f0 JavaThread "Signal Dispatcher" daemon [_thread_blocked, id=3444, stack(0x000000b370700000,0x000000b370800000)]
  0x000002245896abd0 JavaThread "Attach Listener" daemon [_thread_blocked, id=3352, stack(0x000000b370800000,0x000000b370900000)]
  0x000002245896d4b0 JavaThread "Service Thread" daemon [_thread_blocked, id=7044, stack(0x000000b370900000,0x000000b370a00000)]
  0x000002245896dd80 JavaThread "Monitor Deflation Thread" daemon [_thread_blocked, id=5568, stack(0x000000b370a00000,0x000000b370b00000)]
  0x000002245896ea30 JavaThread "C2 CompilerThread0" daemon [_thread_blocked, id=6032, stack(0x000000b370b00000,0x000000b370c00000)]
  0x00000224589d84a0 JavaThread "C1 CompilerThread0" daemon [_thread_blocked, id=6044, stack(0x000000b370c00000,0x000000b370d00000)]
  0x00000224589da9d0 JavaThread "Sweeper thread" daemon [_thread_blocked, id=800, stack(0x000000b370d00000,0x000000b370e00000)]
  0x0000022458937cd0 JavaThread "Common-Cleaner" daemon [_thread_blocked, id=6736, stack(0x000000b370e00000,0x000000b370f00000)]
  0x000002245adc3ac0 JavaThread "Notification Thread" daemon [_thread_blocked, id=5640, stack(0x000000b370f00000,0x000000b371000000)]
  0x00000224a096fb00 JavaThread "Daemon health stats" [_thread_blocked, id=2576, stack(0x000000b371300000,0x000000b371400000)]
  0x00000224a0380f30 JavaThread "Incoming local TCP Connector on port 50458" [_thread_in_native, id=6928, stack(0x000000b371400000,0x000000b371500000)]
  0x00000224a0bcd3c0 JavaThread "Daemon periodic checks" [_thread_blocked, id=6284, stack(0x000000b371500000,0x000000b371600000)]
  0x00000224a0860de0 JavaThread "Cache worker for journal cache (C:\Users\HONAB\.gradle\caches\journal-1)" [_thread_blocked, id=3876, stack(0x000000b371d00000,0x000000b371e00000)]
  0x00000224a085e560 JavaThread "File lock request listener" [_thread_in_native, id=6480, stack(0x000000b371e00000,0x000000b371f00000)]
  0x00000224a085ef80 JavaThread "Cache worker for file hash cache (C:\Users\HONAB\.gradle\caches\8.14\fileHashes)" [_thread_blocked, id=5552, stack(0x000000b371f00000,0x000000b372000000)]
  0x00000224a08603c0 JavaThread "File watcher server" daemon [_thread_in_native, id=6772, stack(0x000000b372400000,0x000000b372500000)]
  0x00000224a21c4ed0 JavaThread "File watcher consumer" daemon [_thread_blocked, id=6932, stack(0x000000b372500000,0x000000b372600000)]
  0x00000224a21c5e00 JavaThread "Cache worker for file content cache (C:\Users\HONAB\.gradle\caches\8.14\fileContent)" [_thread_blocked, id=5980, stack(0x000000b36fd00000,0x000000b36fe00000)]
  0x00000224a21c07f0 JavaThread "Memory manager" [_thread_blocked, id=6652, stack(0x000000b372c00000,0x000000b372d00000)]
  0x00000224a5062560 JavaThread "Daemon Thread 2" [_thread_blocked, id=3120, stack(0x000000b36fc00000,0x000000b36fd00000)]
  0x00000224a5066730 JavaThread "Handler for socket connection from /127.0.0.1:50458 to /127.0.0.1:51176" [_thread_in_native, id=5732, stack(0x000000b371600000,0x000000b371700000)]
  0x00000224a5066c40 JavaThread "Cancel handler" [_thread_blocked, id=1372, stack(0x000000b371700000,0x000000b371800000)]
  0x00000224a5061120 JavaThread "Daemon worker Thread 2" [_thread_blocked, id=3128, stack(0x000000b371800000,0x000000b371900000)]
  0x00000224a5062f80 JavaThread "Asynchronous log dispatcher for DefaultDaemonConnection: socket connection from /127.0.0.1:50458 to /127.0.0.1:51176" [_thread_blocked, id=4212, stack(0x000000b371900000,0x000000b371a00000)]
  0x00000224a5063490 JavaThread "Stdin handler" [_thread_blocked, id=5456, stack(0x000000b371a00000,0x000000b371b00000)]
  0x00000224a5067150 JavaThread "Daemon client event forwarder" [_thread_blocked, id=6616, stack(0x000000b371b00000,0x000000b371c00000)]
  0x00000224a50601f0 JavaThread "Cache worker for file hash cache (C:\REELZO\reelzo\android\.gradle\8.14\fileHashes)" [_thread_blocked, id=6484, stack(0x000000b371c00000,0x000000b371d00000)]
  0x00000224a5063eb0 JavaThread "Cache worker for Build Output Cleanup Cache (C:\REELZO\reelzo\android\.gradle\buildOutputCleanup)" [_thread_blocked, id=5396, stack(0x000000b372000000,0x000000b372100000)]
  0x00000224a5060700 JavaThread "Cache worker for checksums cache (C:\REELZO\reelzo\android\.gradle\8.14\checksums)" [_thread_blocked, id=4276, stack(0x000000b372100000,0x000000b372200000)]
  0x00000224a21bfdd0 JavaThread "Cache worker for cache directory md-supplier (C:\Users\HONAB\.gradle\caches\8.14\md-supplier)" [_thread_blocked, id=3556, stack(0x000000b372200000,0x000000b372300000)]
  0x00000224a21c6310 JavaThread "Cache worker for cache directory md-rule (C:\Users\HONAB\.gradle\caches\8.14\md-rule)" [_thread_blocked, id=3828, stack(0x000000b372300000,0x000000b372400000)]
  0x00000224a21bf8c0 JavaThread "Cache worker for Build Output Cleanup Cache (C:\Users\HONAB\Downloads\flutter_windows_3.41.1-stable\flutter\packages\flutter_tools\gradle\.gradle\buildOutputCleanup)" [_thread_blocked, id=2356, stack(0x000000b372600000,0x000000b372700000)]
  0x00000224a21c02e0 JavaThread "Unconstrained build operations" [_thread_blocked, id=5564, stack(0x000000b372700000,0x000000b372800000)]
  0x00000224a21c3fa0 JavaThread "Unconstrained build operations Thread 2" [_thread_blocked, id=5708, stack(0x000000b372800000,0x000000b372900000)]
  0x00000224a21c1210 JavaThread "build event listener" [_thread_blocked, id=5736, stack(0x000000b372900000,0x000000b372a00000)]
  0x00000224a21c1c30 JavaThread "Execution worker" [_thread_blocked, id=4244, stack(0x000000b372b00000,0x000000b372c00000)]
  0x00000224a21c6820 JavaThread "Cache worker for execution history cache (C:\Users\HONAB\Downloads\flutter_windows_3.41.1-stable\flutter\packages\flutter_tools\gradle\.gradle\8.14\executionHistory)" [_thread_blocked, id=6980, stack(0x000000b372d00000,0x000000b372e00000)]
  0x00000224a21c2650 JavaThread "Unconstrained build operations Thread 3" [_thread_blocked, id=2716, stack(0x000000b372e00000,0x000000b372f00000)]
  0x00000224a21c2b60 JavaThread "Unconstrained build operations Thread 4" [_thread_blocked, id=5004, stack(0x000000b372f00000,0x000000b373000000)]
  0x00000224a21c6d30 JavaThread "Unconstrained build operations Thread 5" [_thread_blocked, id=3996, stack(0x000000b373000000,0x000000b373100000)]
  0x00000224a21c44b0 JavaThread "Unconstrained build operations Thread 6" [_thread_blocked, id=2964, stack(0x000000b373100000,0x000000b373200000)]
  0x00000224a21c53e0 JavaThread "Unconstrained build operations Thread 7" [_thread_blocked, id=2572, stack(0x000000b373200000,0x000000b373300000)]
  0x00000224a21c58f0 JavaThread "Unconstrained build operations Thread 8" [_thread_blocked, id=6304, stack(0x000000b373300000,0x000000b373400000)]
  0x00000224a364b5a0 JavaThread "Unconstrained build operations Thread 9" [_thread_blocked, id=3008, stack(0x000000b373400000,0x000000b373500000)]
  0x00000224a3645570 JavaThread "build event listener" [_thread_blocked, id=448, stack(0x000000b373500000,0x000000b373600000)]
  0x00000224aa081a00 JavaThread "pool-3-thread-8" [_thread_blocked, id=2868, stack(0x000000b373d00000,0x000000b373e00000)]

Other Threads:
=>0x0000022458946500 VMThread "VM Thread" [stack: 0x000000b370400000,0x000000b370500000] [id=6648]
  0x0000022458968ed0 WatcherThread [stack: 0x000000b371000000,0x000000b371100000] [id=3552]
  0x000002241dd29bb0 GCTaskThread "GC Thread#0" [stack: 0x000000b36ff00000,0x000000b370000000] [id=1812]
  0x000002245add26f0 GCTaskThread "GC Thread#1" [stack: 0x000000b371100000,0x000000b371200000] [id=5488]
  0x000002241dd2e7b0 ConcurrentGCThread "G1 Main Marker" [stack: 0x000000b370000000,0x000000b370100000] [id=5924]
  0x00000224587ec440 ConcurrentGCThread "G1 Conc#0" [stack: 0x000000b370100000,0x000000b370200000] [id=6728]
  0x0000022458800660 ConcurrentGCThread "G1 Refine#0" [stack: 0x000000b370200000,0x000000b370300000] [id=6732]
  0x00000224a0c9c530 ConcurrentGCThread "G1 Refine#1" [stack: 0x000000b371200000,0x000000b371300000] [id=3892]
  0x0000022458800fa0 ConcurrentGCThread "G1 Service" [stack: 0x000000b370300000,0x000000b370400000] [id=6116]

Threads with active compile tasks:
C2 CompilerThread0  1898908 22189   !   4       com.sun.org.apache.xerces.internal.impl.XMLDocumentFragmentScannerImpl$FragmentContentDriver::next (2331 bytes)

VM state: at safepoint (normal execution)

VM Mutex/Monitor currently owned by a thread:  ([mutex/lock_event])
[0x000002241dc78660] Threads_lock - owner thread: 0x0000022458946500
[0x000002241dc78270] Heap_lock - owner thread: 0x00000224a5061120

Heap address: 0x0000000600000000, size: 8192 MB, Compressed Oops mode: Zero based, Oop shift amount: 3

CDS archive(s) mapped at: [0x000002245b000000-0x000002245bbb0000-0x000002245bbb0000), size 12255232, SharedBaseAddress: 0x000002245b000000, ArchiveRelocationMode: 1.
Compressed class space mapped at: 0x000002245c000000-0x000002249c000000, reserved size: 1073741824
Narrow klass base: 0x000002245b000000, Narrow klass shift: 0, Narrow klass range: 0x100000000

GC Precious Log:
 CPUs: 2 total, 2 available
 Memory: 2815M
 Large Page Support: Disabled
 NUMA Support: Disabled
 Compressed Oops: Enabled (Zero based)
 Heap Region Size: 4M
 Heap Min Capacity: 8M
 Heap Initial Capacity: 44M
 Heap Max Capacity: 8G
 Pre-touch: Disabled
 Parallel Workers: 2
 Concurrent Workers: 1
 Concurrent Refinement Workers: 2
 Periodic GC: Disabled

Heap:
 garbage-first heap   total 1105920K, used 233231K [0x0000000600000000, 0x0000000800000000)
  region size 4096K, 1 young (4096K), 1 survivors (4096K)
 Metaspace       used 171001K, committed 172288K, reserved 1245184K
  class space    used 22096K, committed 22720K, reserved 1048576K

Heap Regions: E=young(eden), S=young(survivor), O=old, HS=humongous(starts), HC=humongous(continues), CS=collection set, F=free, OA=open archive, CA=closed archive, TAMS=top-at-mark-start (previous, next)
|   0|0x0000000600000000, 0x0000000600400000, 0x0000000600400000|100%|HS|  |TAMS 0x0000000600400000, 0x0000000600000000| Complete 
|   1|0x0000000600400000, 0x0000000600800000, 0x0000000600800000|100%| O|  |TAMS 0x0000000600800000, 0x0000000600400000| Untracked 
|   2|0x0000000600800000, 0x0000000600c00000, 0x0000000600c00000|100%| O|  |TAMS 0x0000000600c00000, 0x0000000600800000| Untracked 
|   3|0x0000000600c00000, 0x0000000601000000, 0x0000000601000000|100%| O|  |TAMS 0x0000000601000000, 0x0000000600c00000| Untracked 
|   4|0x0000000601000000, 0x0000000601400000, 0x0000000601400000|100%| O|  |TAMS 0x0000000601400000, 0x0000000601000000| Untracked 
|   5|0x0000000601400000, 0x0000000601800000, 0x0000000601800000|100%| O|  |TAMS 0x0000000601800000, 0x0000000601400000| Untracked 
|   6|0x0000000601800000, 0x0000000601c00000, 0x0000000601c00000|100%| O|  |TAMS 0x0000000601c00000, 0x0000000601800000| Untracked 
|   7|0x0000000601c00000, 0x0000000602000000, 0x0000000602000000|100%| O|  |TAMS 0x0000000602000000, 0x0000000601c00000| Untracked 
|   8|0x0000000602000000, 0x0000000602400000, 0x0000000602400000|100%| O|  |TAMS 0x0000000602400000, 0x0000000602000000| Untracked 
|   9|0x0000000602400000, 0x0000000602800000, 0x0000000602800000|100%| O|  |TAMS 0x0000000602800000, 0x0000000602400000| Untracked 
|  10|0x0000000602800000, 0x0000000602c00000, 0x0000000602c00000|100%|HS|  |TAMS 0x0000000602c00000, 0x0000000602800000| Complete 
|  11|0x0000000602c00000, 0x0000000603000000, 0x0000000603000000|100%| O|  |TAMS 0x0000000603000000, 0x0000000602c00000| Untracked 
|  12|0x0000000603000000, 0x0000000603400000, 0x0000000603400000|100%| O|  |TAMS 0x0000000603400000, 0x0000000603000000| Untracked 
|  13|0x0000000603400000, 0x0000000603800000, 0x0000000603800000|100%|HS|  |TAMS 0x0000000603800000, 0x0000000603400000| Complete 
|  14|0x0000000603800000, 0x0000000603c00000, 0x0000000603c00000|100%| O|  |TAMS 0x0000000603c00000, 0x0000000603800000| Untracked 
|  15|0x0000000603c00000, 0x0000000604000000, 0x0000000604000000|100%| O|  |TAMS 0x0000000604000000, 0x0000000603c00000| Untracked 
|  16|0x0000000604000000, 0x0000000604400000, 0x0000000604400000|100%| O|  |TAMS 0x0000000604000000, 0x0000000604000000| Untracked 
|  17|0x0000000604400000, 0x0000000604800000, 0x0000000604800000|100%| O|  |TAMS 0x0000000604800000, 0x0000000604400000| Untracked 
|  18|0x0000000604800000, 0x0000000604c00000, 0x0000000604c00000|100%| O|  |TAMS 0x0000000604800000, 0x0000000604800000| Untracked 
|  19|0x0000000604c00000, 0x0000000605000000, 0x0000000605000000|100%| O|  |TAMS 0x0000000605000000, 0x0000000604c00000| Untracked 
|  20|0x0000000605000000, 0x0000000605400000, 0x0000000605400000|100%| O|  |TAMS 0x0000000605400000, 0x0000000605000000| Untracked 
|  21|0x0000000605400000, 0x0000000605800000, 0x0000000605800000|100%| O|  |TAMS 0x0000000605400000, 0x0000000605400000| Untracked 
|  22|0x0000000605800000, 0x0000000605c00000, 0x0000000605c00000|100%| O|  |TAMS 0x0000000605c00000, 0x0000000605800000| Untracked 
|  23|0x0000000605c00000, 0x0000000606000000, 0x0000000606000000|100%| O|  |TAMS 0x0000000606000000, 0x0000000605c00000| Untracked 
|  24|0x0000000606000000, 0x0000000606400000, 0x0000000606400000|100%| O|  |TAMS 0x0000000606400000, 0x0000000606000000| Untracked 
|  25|0x0000000606400000, 0x0000000606800000, 0x0000000606800000|100%| O|  |TAMS 0x0000000606800000, 0x0000000606400000| Untracked 
|  26|0x0000000606800000, 0x0000000606c00000, 0x0000000606c00000|100%| O|  |TAMS 0x0000000606c00000, 0x0000000606800000| Untracked 
|  27|0x0000000606c00000, 0x0000000607000000, 0x0000000607000000|100%| O|  |TAMS 0x0000000607000000, 0x0000000606c00000| Untracked 
|  28|0x0000000607000000, 0x0000000607400000, 0x0000000607400000|100%| O|  |TAMS 0x0000000607400000, 0x0000000607000000| Untracked 
|  29|0x0000000607400000, 0x0000000607800000, 0x0000000607800000|100%| O|  |TAMS 0x0000000607800000, 0x0000000607400000| Untracked 
|  30|0x0000000607800000, 0x0000000607c00000, 0x0000000607c00000|100%| O|  |TAMS 0x0000000607c00000, 0x0000000607800000| Untracked 
|  31|0x0000000607c00000, 0x0000000608000000, 0x0000000608000000|100%| O|  |TAMS 0x0000000608000000, 0x0000000607c00000| Untracked 
|  32|0x0000000608000000, 0x0000000608400000, 0x0000000608400000|100%| O|  |TAMS 0x0000000608400000, 0x0000000608000000| Untracked 
|  33|0x0000000608400000, 0x0000000608800000, 0x0000000608800000|100%| O|  |TAMS 0x0000000608800000, 0x0000000608400000| Untracked 
|  34|0x0000000608800000, 0x0000000608c00000, 0x0000000608c00000|100%| O|  |TAMS 0x0000000608c00000, 0x0000000608800000| Untracked 
|  35|0x0000000608c00000, 0x0000000609000000, 0x0000000609000000|100%| O|  |TAMS 0x0000000608e13400, 0x0000000608c00000| Untracked 
|  36|0x0000000609000000, 0x0000000609400000, 0x0000000609400000|100%| O|  |TAMS 0x0000000609000000, 0x0000000609000000| Untracked 
|  37|0x0000000609400000, 0x0000000609800000, 0x0000000609800000|100%| O|  |TAMS 0x0000000609400000, 0x0000000609400000| Untracked 
|  38|0x0000000609800000, 0x0000000609c00000, 0x0000000609c00000|100%| O|  |TAMS 0x0000000609c00000, 0x0000000609800000| Untracked 
|  39|0x0000000609c00000, 0x000000060a000000, 0x000000060a000000|100%| O|  |TAMS 0x0000000609c00000, 0x0000000609c00000| Untracked 
|  40|0x000000060a000000, 0x000000060a400000, 0x000000060a400000|100%| O|  |TAMS 0x000000060a000000, 0x000000060a000000| Untracked 
|  41|0x000000060a400000, 0x000000060a800000, 0x000000060a800000|100%| O|  |TAMS 0x000000060a800000, 0x000000060a400000| Untracked 
|  42|0x000000060a800000, 0x000000060ac00000, 0x000000060ac00000|100%| O|  |TAMS 0x000000060ac00000, 0x000000060a800000| Untracked 
|  43|0x000000060ac00000, 0x000000060b000000, 0x000000060b000000|100%| O|  |TAMS 0x000000060ac00000, 0x000000060ac00000| Untracked 
|  44|0x000000060b000000, 0x000000060b400000, 0x000000060b400000|100%| O|  |TAMS 0x000000060b000000, 0x000000060b000000| Untracked 
|  45|0x000000060b400000, 0x000000060b800000, 0x000000060b800000|100%| O|  |TAMS 0x000000060b400000, 0x000000060b400000| Untracked 
|  46|0x000000060b800000, 0x000000060bc00000, 0x000000060bc00000|100%| O|  |TAMS 0x000000060b800000, 0x000000060b800000| Untracked 
|  47|0x000000060bc00000, 0x000000060c000000, 0x000000060c000000|100%| O|  |TAMS 0x000000060bc00000, 0x000000060bc00000| Untracked 
|  48|0x000000060c000000, 0x000000060c400000, 0x000000060c400000|100%| O|  |TAMS 0x000000060c000000, 0x000000060c000000| Untracked 
|  49|0x000000060c400000, 0x000000060c800000, 0x000000060c800000|100%| O|  |TAMS 0x000000060c400000, 0x000000060c400000| Untracked 
|  50|0x000000060c800000, 0x000000060cc00000, 0x000000060cc00000|100%|HS|  |TAMS 0x000000060c800000, 0x000000060c800000| Complete 
|  51|0x000000060cc00000, 0x000000060d000000, 0x000000060d000000|100%|HC|  |TAMS 0x000000060cc00000, 0x000000060cc00000| Complete 
|  52|0x000000060d000000, 0x000000060d400000, 0x000000060d400000|100%| O|  |TAMS 0x000000060d000000, 0x000000060d000000| Untracked 
|  53|0x000000060d400000, 0x000000060d800000, 0x000000060d800000|100%| O|  |TAMS 0x000000060d400000, 0x000000060d400000| Untracked 
|  54|0x000000060d800000, 0x000000060dc00000, 0x000000060dc00000|100%| O|  |TAMS 0x000000060d800000, 0x000000060d800000| Untracked 
|  55|0x000000060dc00000, 0x000000060e000000, 0x000000060e000000|100%| O|  |TAMS 0x000000060dc00000, 0x000000060dc00000| Untracked 
|  56|0x000000060e000000, 0x000000060e190200, 0x000000060e400000| 39%| O|  |TAMS 0x000000060e000000, 0x000000060e000000| Untracked 
|  57|0x000000060e400000, 0x000000060e400000, 0x000000060e800000|  0%| F|  |TAMS 0x000000060e400000, 0x000000060e400000| Untracked 
|  58|0x000000060e800000, 0x000000060e800000, 0x000000060ec00000|  0%| F|  |TAMS 0x000000060e800000, 0x000000060e800000| Untracked 
|  59|0x000000060ec00000, 0x000000060ec00000, 0x000000060f000000|  0%| F|  |TAMS 0x000000060ec00000, 0x000000060ec00000| Untracked 
|  60|0x000000060f000000, 0x000000060f000000, 0x000000060f400000|  0%| F|  |TAMS 0x000000060f000000, 0x000000060f000000| Untracked 
|  61|0x000000060f400000, 0x000000060f400000, 0x000000060f800000|  0%| F|  |TAMS 0x000000060f400000, 0x000000060f400000| Untracked 
|  62|0x000000060f800000, 0x000000060f800000, 0x000000060fc00000|  0%| F|  |TAMS 0x000000060f800000, 0x000000060f800000| Untracked 
|  63|0x000000060fc00000, 0x000000060fc00000, 0x0000000610000000|  0%| F|  |TAMS 0x000000060fc00000, 0x000000060fc00000| Untracked 
|  64|0x0000000610000000, 0x0000000610000000, 0x0000000610400000|  0%| F|  |TAMS 0x0000000610000000, 0x0000000610000000| Untracked 
|  65|0x0000000610400000, 0x0000000610400000, 0x0000000610800000|  0%| F|  |TAMS 0x0000000610400000, 0x0000000610400000| Untracked 
|  66|0x0000000610800000, 0x0000000610800000, 0x0000000610c00000|  0%| F|  |TAMS 0x0000000610800000, 0x0000000610800000| Untracked 
|  67|0x0000000610c00000, 0x0000000610c00000, 0x0000000611000000|  0%| F|  |TAMS 0x0000000610c00000, 0x0000000610c00000| Untracked 
|  68|0x0000000611000000, 0x0000000611000000, 0x0000000611400000|  0%| F|  |TAMS 0x0000000611000000, 0x0000000611000000| Untracked 
|  69|0x0000000611400000, 0x0000000611400000, 0x0000000611800000|  0%| F|  |TAMS 0x0000000611400000, 0x0000000611400000| Untracked 
|  70|0x0000000611800000, 0x0000000611800000, 0x0000000611c00000|  0%| F|  |TAMS 0x0000000611800000, 0x0000000611800000| Untracked 
|  71|0x0000000611c00000, 0x0000000611c00000, 0x0000000612000000|  0%| F|  |TAMS 0x0000000611c00000, 0x0000000611c00000| Untracked 
|  72|0x0000000612000000, 0x0000000612000000, 0x0000000612400000|  0%| F|  |TAMS 0x0000000612000000, 0x0000000612000000| Untracked 
|  73|0x0000000612400000, 0x0000000612400000, 0x0000000612800000|  0%| F|  |TAMS 0x0000000612400000, 0x0000000612400000| Untracked 
|  74|0x0000000612800000, 0x0000000612800000, 0x0000000612c00000|  0%| F|  |TAMS 0x0000000612800000, 0x0000000612800000| Untracked 
|  75|0x0000000612c00000, 0x0000000612c00000, 0x0000000613000000|  0%| F|  |TAMS 0x0000000612c00000, 0x0000000612c00000| Untracked 
|  76|0x0000000613000000, 0x0000000613000000, 0x0000000613400000|  0%| F|  |TAMS 0x0000000613000000, 0x0000000613000000| Untracked 
|  77|0x0000000613400000, 0x0000000613400000, 0x0000000613800000|  0%| F|  |TAMS 0x0000000613400000, 0x0000000613400000| Untracked 
|  78|0x0000000613800000, 0x0000000613800000, 0x0000000613c00000|  0%| F|  |TAMS 0x0000000613800000, 0x0000000613800000| Untracked 
|  79|0x0000000613c00000, 0x0000000613c00000, 0x0000000614000000|  0%| F|  |TAMS 0x0000000613c00000, 0x0000000613c00000| Untracked 
|  80|0x0000000614000000, 0x0000000614000000, 0x0000000614400000|  0%| F|  |TAMS 0x0000000614000000, 0x0000000614000000| Untracked 
|  81|0x0000000614400000, 0x0000000614400000, 0x0000000614800000|  0%| F|  |TAMS 0x0000000614400000, 0x0000000614400000| Untracked 
|  82|0x0000000614800000, 0x0000000614800000, 0x0000000614c00000|  0%| F|  |TAMS 0x0000000614800000, 0x0000000614800000| Untracked 
|  83|0x0000000614c00000, 0x0000000614c00000, 0x0000000615000000|  0%| F|  |TAMS 0x0000000614c00000, 0x0000000614c00000| Untracked 
|  84|0x0000000615000000, 0x0000000615000000, 0x0000000615400000|  0%| F|  |TAMS 0x0000000615000000, 0x0000000615000000| Untracked 
|  85|0x0000000615400000, 0x0000000615400000, 0x0000000615800000|  0%| F|  |TAMS 0x0000000615400000, 0x0000000615400000| Untracked 
|  86|0x0000000615800000, 0x0000000615800000, 0x0000000615c00000|  0%| F|  |TAMS 0x0000000615800000, 0x0000000615800000| Untracked 
|  87|0x0000000615c00000, 0x0000000615c00000, 0x0000000616000000|  0%| F|  |TAMS 0x0000000615c00000, 0x0000000615c00000| Untracked 
|  88|0x0000000616000000, 0x0000000616000000, 0x0000000616400000|  0%| F|  |TAMS 0x0000000616000000, 0x0000000616000000| Untracked 
|  89|0x0000000616400000, 0x0000000616400000, 0x0000000616800000|  0%| F|  |TAMS 0x0000000616400000, 0x0000000616400000| Untracked 
|  90|0x0000000616800000, 0x0000000616800000, 0x0000000616c00000|  0%| F|  |TAMS 0x0000000616800000, 0x0000000616800000| Untracked 
|  91|0x0000000616c00000, 0x0000000616c00000, 0x0000000617000000|  0%| F|  |TAMS 0x0000000616c00000, 0x0000000616c00000| Untracked 
|  92|0x0000000617000000, 0x0000000617000000, 0x0000000617400000|  0%| F|  |TAMS 0x0000000617000000, 0x0000000617000000| Untracked 
|  93|0x0000000617400000, 0x0000000617400000, 0x0000000617800000|  0%| F|  |TAMS 0x0000000617400000, 0x0000000617400000| Untracked 
|  94|0x0000000617800000, 0x0000000617800000, 0x0000000617c00000|  0%| F|  |TAMS 0x0000000617800000, 0x0000000617800000| Untracked 
|  95|0x0000000617c00000, 0x0000000617c00000, 0x0000000618000000|  0%| F|  |TAMS 0x0000000617c00000, 0x0000000617c00000| Untracked 
|  96|0x0000000618000000, 0x0000000618000000, 0x0000000618400000|  0%| F|  |TAMS 0x0000000618000000, 0x0000000618000000| Untracked 
|  97|0x0000000618400000, 0x0000000618400000, 0x0000000618800000|  0%| F|  |TAMS 0x0000000618400000, 0x0000000618400000| Untracked 
|  98|0x0000000618800000, 0x0000000618800000, 0x0000000618c00000|  0%| F|  |TAMS 0x0000000618800000, 0x0000000618800000| Untracked 
|  99|0x0000000618c00000, 0x0000000618c00000, 0x0000000619000000|  0%| F|  |TAMS 0x0000000618c00000, 0x0000000618c00000| Untracked 
| 100|0x0000000619000000, 0x0000000619000000, 0x0000000619400000|  0%| F|  |TAMS 0x0000000619000000, 0x0000000619000000| Untracked 
| 101|0x0000000619400000, 0x0000000619400000, 0x0000000619800000|  0%| F|  |TAMS 0x0000000619400000, 0x0000000619400000| Untracked 
| 102|0x0000000619800000, 0x0000000619800000, 0x0000000619c00000|  0%| F|  |TAMS 0x0000000619800000, 0x0000000619800000| Untracked 
| 103|0x0000000619c00000, 0x0000000619c00000, 0x000000061a000000|  0%| F|  |TAMS 0x0000000619c00000, 0x0000000619c00000| Untracked 
| 104|0x000000061a000000, 0x000000061a000000, 0x000000061a400000|  0%| F|  |TAMS 0x000000061a000000, 0x000000061a000000| Untracked 
| 105|0x000000061a400000, 0x000000061a400000, 0x000000061a800000|  0%| F|  |TAMS 0x000000061a400000, 0x000000061a400000| Untracked 
| 106|0x000000061a800000, 0x000000061a800000, 0x000000061ac00000|  0%| F|  |TAMS 0x000000061a800000, 0x000000061a800000| Untracked 
| 107|0x000000061ac00000, 0x000000061ac00000, 0x000000061b000000|  0%| F|  |TAMS 0x000000061ac00000, 0x000000061ac00000| Untracked 
| 108|0x000000061b000000, 0x000000061b000000, 0x000000061b400000|  0%| F|  |TAMS 0x000000061b000000, 0x000000061b000000| Untracked 
| 109|0x000000061b400000, 0x000000061b400000, 0x000000061b800000|  0%| F|  |TAMS 0x000000061b400000, 0x000000061b400000| Untracked 
| 110|0x000000061b800000, 0x000000061b800000, 0x000000061bc00000|  0%| F|  |TAMS 0x000000061b800000, 0x000000061b800000| Untracked 
| 111|0x000000061bc00000, 0x000000061bc00000, 0x000000061c000000|  0%| F|  |TAMS 0x000000061bc00000, 0x000000061bc00000| Untracked 
| 112|0x000000061c000000, 0x000000061c000000, 0x000000061c400000|  0%| F|  |TAMS 0x000000061c000000, 0x000000061c000000| Untracked 
| 113|0x000000061c400000, 0x000000061c400000, 0x000000061c800000|  0%| F|  |TAMS 0x000000061c400000, 0x000000061c400000| Untracked 
| 114|0x000000061c800000, 0x000000061c800000, 0x000000061cc00000|  0%| F|  |TAMS 0x000000061c800000, 0x000000061c800000| Untracked 
| 115|0x000000061cc00000, 0x000000061cc00000, 0x000000061d000000|  0%| F|  |TAMS 0x000000061cc00000, 0x000000061cc00000| Untracked 
| 116|0x000000061d000000, 0x000000061d000000, 0x000000061d400000|  0%| F|  |TAMS 0x000000061d000000, 0x000000061d000000| Untracked 
| 117|0x000000061d400000, 0x000000061d400000, 0x000000061d800000|  0%| F|  |TAMS 0x000000061d400000, 0x000000061d400000| Untracked 
| 118|0x000000061d800000, 0x000000061d800000, 0x000000061dc00000|  0%| F|  |TAMS 0x000000061d800000, 0x000000061d800000| Untracked 
| 119|0x000000061dc00000, 0x000000061dc00000, 0x000000061e000000|  0%| F|  |TAMS 0x000000061dc00000, 0x000000061dc00000| Untracked 
| 120|0x000000061e000000, 0x000000061e000000, 0x000000061e400000|  0%| F|  |TAMS 0x000000061e000000, 0x000000061e000000| Untracked 
| 121|0x000000061e400000, 0x000000061e400000, 0x000000061e800000|  0%| F|  |TAMS 0x000000061e400000, 0x000000061e400000| Untracked 
| 122|0x000000061e800000, 0x000000061e800000, 0x000000061ec00000|  0%| F|  |TAMS 0x000000061e800000, 0x000000061e800000| Untracked 
| 123|0x000000061ec00000, 0x000000061ec00000, 0x000000061f000000|  0%| F|  |TAMS 0x000000061ec00000, 0x000000061ec00000| Untracked 
| 124|0x000000061f000000, 0x000000061f000000, 0x000000061f400000|  0%| F|  |TAMS 0x000000061f000000, 0x000000061f000000| Untracked 
| 125|0x000000061f400000, 0x000000061f400000, 0x000000061f800000|  0%| F|  |TAMS 0x000000061f400000, 0x000000061f400000| Untracked 
| 126|0x000000061f800000, 0x000000061f800000, 0x000000061fc00000|  0%| F|  |TAMS 0x000000061f800000, 0x000000061f800000| Untracked 
| 127|0x000000061fc00000, 0x000000061fc00000, 0x0000000620000000|  0%| F|  |TAMS 0x000000061fc00000, 0x000000061fc00000| Untracked 
| 128|0x0000000620000000, 0x0000000620000000, 0x0000000620400000|  0%| F|  |TAMS 0x0000000620000000, 0x0000000620000000| Untracked 
| 129|0x0000000620400000, 0x0000000620400000, 0x0000000620800000|  0%| F|  |TAMS 0x0000000620400000, 0x0000000620400000| Untracked 
| 130|0x0000000620800000, 0x0000000620800000, 0x0000000620c00000|  0%| F|  |TAMS 0x0000000620800000, 0x0000000620800000| Untracked 
| 131|0x0000000620c00000, 0x0000000620c00000, 0x0000000621000000|  0%| F|  |TAMS 0x0000000620c00000, 0x0000000620c00000| Untracked 
| 132|0x0000000621000000, 0x0000000621000000, 0x0000000621400000|  0%| F|  |TAMS 0x0000000621000000, 0x0000000621000000| Untracked 
| 133|0x0000000621400000, 0x0000000621400000, 0x0000000621800000|  0%| F|  |TAMS 0x0000000621400000, 0x0000000621400000| Untracked 
| 134|0x0000000621800000, 0x0000000621800000, 0x0000000621c00000|  0%| F|  |TAMS 0x0000000621800000, 0x0000000621800000| Untracked 
| 135|0x0000000621c00000, 0x0000000621c00000, 0x0000000622000000|  0%| F|  |TAMS 0x0000000621c00000, 0x0000000621c00000| Untracked 
| 136|0x0000000622000000, 0x0000000622000000, 0x0000000622400000|  0%| F|  |TAMS 0x0000000622000000, 0x0000000622000000| Untracked 
| 137|0x0000000622400000, 0x0000000622400000, 0x0000000622800000|  0%| F|  |TAMS 0x0000000622400000, 0x0000000622400000| Untracked 
| 138|0x0000000622800000, 0x0000000622800000, 0x0000000622c00000|  0%| F|  |TAMS 0x0000000622800000, 0x0000000622800000| Untracked 
| 139|0x0000000622c00000, 0x0000000622c00000, 0x0000000623000000|  0%| F|  |TAMS 0x0000000622c00000, 0x0000000622c00000| Untracked 
| 140|0x0000000623000000, 0x0000000623000000, 0x0000000623400000|  0%| F|  |TAMS 0x0000000623000000, 0x0000000623000000| Untracked 
| 141|0x0000000623400000, 0x0000000623400000, 0x0000000623800000|  0%| F|  |TAMS 0x0000000623400000, 0x0000000623400000| Untracked 
| 142|0x0000000623800000, 0x0000000623800000, 0x0000000623c00000|  0%| F|  |TAMS 0x0000000623800000, 0x0000000623800000| Untracked 
| 143|0x0000000623c00000, 0x0000000623c00000, 0x0000000624000000|  0%| F|  |TAMS 0x0000000623c00000, 0x0000000623c00000| Untracked 
| 144|0x0000000624000000, 0x0000000624000000, 0x0000000624400000|  0%| F|  |TAMS 0x0000000624000000, 0x0000000624000000| Untracked 
| 145|0x0000000624400000, 0x0000000624400000, 0x0000000624800000|  0%| F|  |TAMS 0x0000000624400000, 0x0000000624400000| Untracked 
| 146|0x0000000624800000, 0x0000000624800000, 0x0000000624c00000|  0%| F|  |TAMS 0x0000000624800000, 0x0000000624800000| Untracked 
| 147|0x0000000624c00000, 0x0000000624c00000, 0x0000000625000000|  0%| F|  |TAMS 0x0000000624c00000, 0x0000000624c00000| Untracked 
| 148|0x0000000625000000, 0x0000000625000000, 0x0000000625400000|  0%| F|  |TAMS 0x0000000625000000, 0x0000000625000000| Untracked 
| 149|0x0000000625400000, 0x0000000625400000, 0x0000000625800000|  0%| F|  |TAMS 0x0000000625400000, 0x0000000625400000| Untracked 
| 150|0x0000000625800000, 0x0000000625800000, 0x0000000625c00000|  0%| F|  |TAMS 0x0000000625800000, 0x0000000625800000| Untracked 
| 151|0x0000000625c00000, 0x0000000625c00000, 0x0000000626000000|  0%| F|  |TAMS 0x0000000625c00000, 0x0000000625c00000| Untracked 
| 152|0x0000000626000000, 0x0000000626000000, 0x0000000626400000|  0%| F|  |TAMS 0x0000000626000000, 0x0000000626000000| Untracked 
| 153|0x0000000626400000, 0x0000000626400000, 0x0000000626800000|  0%| F|  |TAMS 0x0000000626400000, 0x0000000626400000| Untracked 
| 154|0x0000000626800000, 0x0000000626800000, 0x0000000626c00000|  0%| F|  |TAMS 0x0000000626800000, 0x0000000626800000| Untracked 
| 155|0x0000000626c00000, 0x0000000626c00000, 0x0000000627000000|  0%| F|  |TAMS 0x0000000626c00000, 0x0000000626c00000| Untracked 
| 156|0x0000000627000000, 0x0000000627000000, 0x0000000627400000|  0%| F|  |TAMS 0x0000000627000000, 0x0000000627000000| Untracked 
| 157|0x0000000627400000, 0x0000000627400000, 0x0000000627800000|  0%| F|  |TAMS 0x0000000627400000, 0x0000000627400000| Untracked 
| 158|0x0000000627800000, 0x0000000627800000, 0x0000000627c00000|  0%| F|  |TAMS 0x0000000627800000, 0x0000000627800000| Untracked 
| 159|0x0000000627c00000, 0x0000000627c00000, 0x0000000628000000|  0%| F|  |TAMS 0x0000000627c00000, 0x0000000627c00000| Untracked 
| 160|0x0000000628000000, 0x0000000628000000, 0x0000000628400000|  0%| F|  |TAMS 0x0000000628000000, 0x0000000628000000| Untracked 
| 161|0x0000000628400000, 0x0000000628400000, 0x0000000628800000|  0%| F|  |TAMS 0x0000000628400000, 0x0000000628400000| Untracked 
| 162|0x0000000628800000, 0x0000000628800000, 0x0000000628c00000|  0%| F|  |TAMS 0x0000000628800000, 0x0000000628800000| Untracked 
| 163|0x0000000628c00000, 0x0000000628c00000, 0x0000000629000000|  0%| F|  |TAMS 0x0000000628c00000, 0x0000000628c00000| Untracked 
| 164|0x0000000629000000, 0x0000000629000000, 0x0000000629400000|  0%| F|  |TAMS 0x0000000629000000, 0x0000000629000000| Untracked 
| 165|0x0000000629400000, 0x0000000629400000, 0x0000000629800000|  0%| F|  |TAMS 0x0000000629400000, 0x0000000629400000| Untracked 
| 166|0x0000000629800000, 0x0000000629800000, 0x0000000629c00000|  0%| F|  |TAMS 0x0000000629800000, 0x0000000629800000| Untracked 
| 167|0x0000000629c00000, 0x0000000629c00000, 0x000000062a000000|  0%| F|  |TAMS 0x0000000629c00000, 0x0000000629c00000| Untracked 
| 168|0x000000062a000000, 0x000000062a000000, 0x000000062a400000|  0%| F|  |TAMS 0x000000062a000000, 0x000000062a000000| Untracked 
| 169|0x000000062a400000, 0x000000062a400000, 0x000000062a800000|  0%| F|  |TAMS 0x000000062a400000, 0x000000062a400000| Untracked 
| 170|0x000000062a800000, 0x000000062a800000, 0x000000062ac00000|  0%| F|  |TAMS 0x000000062a800000, 0x000000062a800000| Untracked 
| 171|0x000000062ac00000, 0x000000062ac00000, 0x000000062b000000|  0%| F|  |TAMS 0x000000062ac00000, 0x000000062ac00000| Untracked 
| 172|0x000000062b000000, 0x000000062b000000, 0x000000062b400000|  0%| F|  |TAMS 0x000000062b000000, 0x000000062b000000| Untracked 
| 173|0x000000062b400000, 0x000000062b400000, 0x000000062b800000|  0%| F|  |TAMS 0x000000062b400000, 0x000000062b400000| Untracked 
| 174|0x000000062b800000, 0x000000062b800000, 0x000000062bc00000|  0%| F|  |TAMS 0x000000062b800000, 0x000000062b800000| Untracked 
| 175|0x000000062bc00000, 0x000000062bc00000, 0x000000062c000000|  0%| F|  |TAMS 0x000000062bc00000, 0x000000062bc00000| Untracked 
| 176|0x000000062c000000, 0x000000062c000000, 0x000000062c400000|  0%| F|  |TAMS 0x000000062c000000, 0x000000062c000000| Untracked 
| 177|0x000000062c400000, 0x000000062c400000, 0x000000062c800000|  0%| F|  |TAMS 0x000000062c400000, 0x000000062c400000| Untracked 
| 178|0x000000062c800000, 0x000000062c800000, 0x000000062cc00000|  0%| F|  |TAMS 0x000000062c800000, 0x000000062c800000| Untracked 
| 179|0x000000062cc00000, 0x000000062cc00000, 0x000000062d000000|  0%| F|  |TAMS 0x000000062cc00000, 0x000000062cc00000| Untracked 
| 180|0x000000062d000000, 0x000000062d000000, 0x000000062d400000|  0%| F|  |TAMS 0x000000062d000000, 0x000000062d000000| Untracked 
| 181|0x000000062d400000, 0x000000062d400000, 0x000000062d800000|  0%| F|  |TAMS 0x000000062d400000, 0x000000062d400000| Untracked 
| 182|0x000000062d800000, 0x000000062d800000, 0x000000062dc00000|  0%| F|  |TAMS 0x000000062d800000, 0x000000062d800000| Untracked 
| 183|0x000000062dc00000, 0x000000062dc00000, 0x000000062e000000|  0%| F|  |TAMS 0x000000062dc00000, 0x000000062dc00000| Untracked 
| 184|0x000000062e000000, 0x000000062e000000, 0x000000062e400000|  0%| F|  |TAMS 0x000000062e000000, 0x000000062e000000| Untracked 
| 185|0x000000062e400000, 0x000000062e400000, 0x000000062e800000|  0%| F|  |TAMS 0x000000062e400000, 0x000000062e400000| Untracked 
| 186|0x000000062e800000, 0x000000062e800000, 0x000000062ec00000|  0%| F|  |TAMS 0x000000062e800000, 0x000000062e800000| Untracked 
| 187|0x000000062ec00000, 0x000000062ec00000, 0x000000062f000000|  0%| F|  |TAMS 0x000000062ec00000, 0x000000062ec00000| Untracked 
| 188|0x000000062f000000, 0x000000062f000000, 0x000000062f400000|  0%| F|  |TAMS 0x000000062f000000, 0x000000062f000000| Untracked 
| 189|0x000000062f400000, 0x000000062f400000, 0x000000062f800000|  0%| F|  |TAMS 0x000000062f400000, 0x000000062f400000| Untracked 
| 190|0x000000062f800000, 0x000000062f800000, 0x000000062fc00000|  0%| F|  |TAMS 0x000000062f800000, 0x000000062f800000| Untracked 
| 191|0x000000062fc00000, 0x000000062fc00000, 0x0000000630000000|  0%| F|  |TAMS 0x000000062fc00000, 0x000000062fc00000| Untracked 
| 192|0x0000000630000000, 0x0000000630000000, 0x0000000630400000|  0%| F|  |TAMS 0x0000000630000000, 0x0000000630000000| Untracked 
| 193|0x0000000630400000, 0x0000000630400000, 0x0000000630800000|  0%| F|  |TAMS 0x0000000630400000, 0x0000000630400000| Untracked 
| 194|0x0000000630800000, 0x0000000630800000, 0x0000000630c00000|  0%| F|  |TAMS 0x0000000630800000, 0x0000000630800000| Untracked 
| 195|0x0000000630c00000, 0x0000000630c00000, 0x0000000631000000|  0%| F|  |TAMS 0x0000000630c00000, 0x0000000630c00000| Untracked 
| 196|0x0000000631000000, 0x0000000631000000, 0x0000000631400000|  0%| F|  |TAMS 0x0000000631000000, 0x0000000631000000| Untracked 
| 197|0x0000000631400000, 0x0000000631400000, 0x0000000631800000|  0%| F|  |TAMS 0x0000000631400000, 0x0000000631400000| Untracked 
| 198|0x0000000631800000, 0x0000000631800000, 0x0000000631c00000|  0%| F|  |TAMS 0x0000000631800000, 0x0000000631800000| Untracked 
| 199|0x0000000631c00000, 0x0000000631c00000, 0x0000000632000000|  0%| F|  |TAMS 0x0000000631c00000, 0x0000000631c00000| Untracked 
| 200|0x0000000632000000, 0x0000000632000000, 0x0000000632400000|  0%| F|  |TAMS 0x0000000632000000, 0x0000000632000000| Untracked 
| 201|0x0000000632400000, 0x0000000632400000, 0x0000000632800000|  0%| F|  |TAMS 0x0000000632400000, 0x0000000632400000| Untracked 
| 202|0x0000000632800000, 0x0000000632800000, 0x0000000632c00000|  0%| F|  |TAMS 0x0000000632800000, 0x0000000632800000| Untracked 
| 203|0x0000000632c00000, 0x0000000632c00000, 0x0000000633000000|  0%| F|  |TAMS 0x0000000632c00000, 0x0000000632c00000| Untracked 
| 204|0x0000000633000000, 0x0000000633000000, 0x0000000633400000|  0%| F|  |TAMS 0x0000000633000000, 0x0000000633000000| Untracked 
| 205|0x0000000633400000, 0x0000000633400000, 0x0000000633800000|  0%| F|  |TAMS 0x0000000633400000, 0x0000000633400000| Untracked 
| 206|0x0000000633800000, 0x0000000633800000, 0x0000000633c00000|  0%| F|  |TAMS 0x0000000633800000, 0x0000000633800000| Untracked 
| 207|0x0000000633c00000, 0x0000000633c00000, 0x0000000634000000|  0%| F|  |TAMS 0x0000000633c00000, 0x0000000633c00000| Untracked 
| 208|0x0000000634000000, 0x0000000634000000, 0x0000000634400000|  0%| F|  |TAMS 0x0000000634000000, 0x0000000634000000| Untracked 
| 209|0x0000000634400000, 0x0000000634400000, 0x0000000634800000|  0%| F|  |TAMS 0x0000000634400000, 0x0000000634400000| Untracked 
| 210|0x0000000634800000, 0x0000000634800000, 0x0000000634c00000|  0%| F|  |TAMS 0x0000000634800000, 0x0000000634800000| Untracked 
| 211|0x0000000634c00000, 0x0000000634c00000, 0x0000000635000000|  0%| F|  |TAMS 0x0000000634c00000, 0x0000000634c00000| Untracked 
| 212|0x0000000635000000, 0x0000000635000000, 0x0000000635400000|  0%| F|  |TAMS 0x0000000635000000, 0x0000000635000000| Untracked 
| 213|0x0000000635400000, 0x0000000635400000, 0x0000000635800000|  0%| F|  |TAMS 0x0000000635400000, 0x0000000635400000| Untracked 
| 214|0x0000000635800000, 0x0000000635800000, 0x0000000635c00000|  0%| F|  |TAMS 0x0000000635800000, 0x0000000635800000| Untracked 
| 215|0x0000000635c00000, 0x0000000635c00000, 0x0000000636000000|  0%| F|  |TAMS 0x0000000635c00000, 0x0000000635c00000| Untracked 
| 216|0x0000000636000000, 0x0000000636000000, 0x0000000636400000|  0%| F|  |TAMS 0x0000000636000000, 0x0000000636000000| Untracked 
| 217|0x0000000636400000, 0x0000000636400000, 0x0000000636800000|  0%| F|  |TAMS 0x0000000636400000, 0x0000000636400000| Untracked 
| 218|0x0000000636800000, 0x0000000636800000, 0x0000000636c00000|  0%| F|  |TAMS 0x0000000636800000, 0x0000000636800000| Untracked 
| 219|0x0000000636c00000, 0x0000000636c00000, 0x0000000637000000|  0%| F|  |TAMS 0x0000000636c00000, 0x0000000636c00000| Untracked 
| 220|0x0000000637000000, 0x0000000637000000, 0x0000000637400000|  0%| F|  |TAMS 0x0000000637000000, 0x0000000637000000| Untracked 
| 221|0x0000000637400000, 0x0000000637400000, 0x0000000637800000|  0%| F|  |TAMS 0x0000000637400000, 0x0000000637400000| Untracked 
| 222|0x0000000637800000, 0x0000000637800000, 0x0000000637c00000|  0%| F|  |TAMS 0x0000000637800000, 0x0000000637800000| Untracked 
| 223|0x0000000637c00000, 0x0000000637c00000, 0x0000000638000000|  0%| F|  |TAMS 0x0000000637c00000, 0x0000000637c00000| Untracked 
| 224|0x0000000638000000, 0x0000000638000000, 0x0000000638400000|  0%| F|  |TAMS 0x0000000638000000, 0x0000000638000000| Untracked 
| 225|0x0000000638400000, 0x0000000638400000, 0x0000000638800000|  0%| F|  |TAMS 0x0000000638400000, 0x0000000638400000| Untracked 
| 226|0x0000000638800000, 0x0000000638800000, 0x0000000638c00000|  0%| F|  |TAMS 0x0000000638800000, 0x0000000638800000| Untracked 
| 227|0x0000000638c00000, 0x0000000638c00000, 0x0000000639000000|  0%| F|  |TAMS 0x0000000638c00000, 0x0000000638c00000| Untracked 
| 228|0x0000000639000000, 0x0000000639000000, 0x0000000639400000|  0%| F|  |TAMS 0x0000000639000000, 0x0000000639000000| Untracked 
| 229|0x0000000639400000, 0x0000000639400000, 0x0000000639800000|  0%| F|  |TAMS 0x0000000639400000, 0x0000000639400000| Untracked 
| 230|0x0000000639800000, 0x0000000639800000, 0x0000000639c00000|  0%| F|  |TAMS 0x0000000639800000, 0x0000000639800000| Untracked 
| 231|0x0000000639c00000, 0x0000000639c00000, 0x000000063a000000|  0%| F|  |TAMS 0x0000000639c00000, 0x0000000639c00000| Untracked 
| 232|0x000000063a000000, 0x000000063a000000, 0x000000063a400000|  0%| F|  |TAMS 0x000000063a000000, 0x000000063a000000| Untracked 
| 233|0x000000063a400000, 0x000000063a400000, 0x000000063a800000|  0%| F|  |TAMS 0x000000063a400000, 0x000000063a400000| Untracked 
| 234|0x000000063a800000, 0x000000063a800000, 0x000000063ac00000|  0%| F|  |TAMS 0x000000063a800000, 0x000000063a800000| Untracked 
| 235|0x000000063ac00000, 0x000000063ac00000, 0x000000063b000000|  0%| F|  |TAMS 0x000000063ac00000, 0x000000063ac00000| Untracked 
| 236|0x000000063b000000, 0x000000063b000000, 0x000000063b400000|  0%| F|  |TAMS 0x000000063b000000, 0x000000063b000000| Untracked 
| 237|0x000000063b400000, 0x000000063b400000, 0x000000063b800000|  0%| F|  |TAMS 0x000000063b400000, 0x000000063b400000| Untracked 
| 238|0x000000063b800000, 0x000000063b800000, 0x000000063bc00000|  0%| F|  |TAMS 0x000000063b800000, 0x000000063b800000| Untracked 
| 239|0x000000063bc00000, 0x000000063bc00000, 0x000000063c000000|  0%| F|  |TAMS 0x000000063bc00000, 0x000000063bc00000| Untracked 
| 240|0x000000063c000000, 0x000000063c000000, 0x000000063c400000|  0%| F|  |TAMS 0x000000063c000000, 0x000000063c000000| Untracked 
| 241|0x000000063c400000, 0x000000063c400000, 0x000000063c800000|  0%| F|  |TAMS 0x000000063c400000, 0x000000063c400000| Untracked 
| 242|0x000000063c800000, 0x000000063c800000, 0x000000063cc00000|  0%| F|  |TAMS 0x000000063c800000, 0x000000063c800000| Untracked 
| 243|0x000000063cc00000, 0x000000063cc00000, 0x000000063d000000|  0%| F|  |TAMS 0x000000063cc00000, 0x000000063cc00000| Untracked 
| 244|0x000000063d000000, 0x000000063d000000, 0x000000063d400000|  0%| F|  |TAMS 0x000000063d000000, 0x000000063d000000| Untracked 
| 245|0x000000063d400000, 0x000000063d400000, 0x000000063d800000|  0%| F|  |TAMS 0x000000063d400000, 0x000000063d400000| Untracked 
| 246|0x000000063d800000, 0x000000063d800000, 0x000000063dc00000|  0%| F|  |TAMS 0x000000063d800000, 0x000000063d800000| Untracked 
| 247|0x000000063dc00000, 0x000000063dc00000, 0x000000063e000000|  0%| F|  |TAMS 0x000000063dc00000, 0x000000063dc00000| Untracked 
| 248|0x000000063e000000, 0x000000063e000000, 0x000000063e400000|  0%| F|  |TAMS 0x000000063e000000, 0x000000063e000000| Untracked 
| 249|0x000000063e400000, 0x000000063e400000, 0x000000063e800000|  0%| F|  |TAMS 0x000000063e400000, 0x000000063e400000| Untracked 
| 250|0x000000063e800000, 0x000000063e800000, 0x000000063ec00000|  0%| F|  |TAMS 0x000000063e800000, 0x000000063e800000| Untracked 
| 251|0x000000063ec00000, 0x000000063ec00000, 0x000000063f000000|  0%| F|  |TAMS 0x000000063ec00000, 0x000000063ec00000| Untracked 
| 252|0x000000063f000000, 0x000000063f000000, 0x000000063f400000|  0%| F|  |TAMS 0x000000063f000000, 0x000000063f000000| Untracked 
| 253|0x000000063f400000, 0x000000063f400000, 0x000000063f800000|  0%| F|  |TAMS 0x000000063f400000, 0x000000063f400000| Untracked 
| 254|0x000000063f800000, 0x000000063f800000, 0x000000063fc00000|  0%| F|  |TAMS 0x000000063f800000, 0x000000063f800000| Untracked 
| 255|0x000000063fc00000, 0x000000063fc00000, 0x0000000640000000|  0%| F|  |TAMS 0x000000063fc00000, 0x000000063fc00000| Untracked 
| 256|0x0000000640000000, 0x0000000640233b98, 0x0000000640400000| 55%| S|CS|TAMS 0x0000000640000000, 0x0000000640000000| Complete 
| 257|0x0000000640400000, 0x0000000640400000, 0x0000000640800000|  0%| F|  |TAMS 0x0000000640400000, 0x0000000640400000| Untracked 
| 258|0x0000000640800000, 0x0000000640800000, 0x0000000640c00000|  0%| F|  |TAMS 0x0000000640800000, 0x0000000640800000| Untracked 
| 259|0x0000000640c00000, 0x0000000640c00000, 0x0000000641000000|  0%| F|  |TAMS 0x0000000640c00000, 0x0000000640c00000| Untracked 
| 260|0x0000000641000000, 0x0000000641000000, 0x0000000641400000|  0%| F|  |TAMS 0x0000000641000000, 0x0000000641000000| Untracked 
| 261|0x0000000641400000, 0x0000000641400000, 0x0000000641800000|  0%| F|  |TAMS 0x0000000641400000, 0x0000000641400000| Untracked 
| 262|0x0000000641800000, 0x0000000641800000, 0x0000000641c00000|  0%| F|  |TAMS 0x0000000641800000, 0x0000000641800000| Untracked 
| 263|0x0000000641c00000, 0x0000000641c00000, 0x0000000642000000|  0%| F|  |TAMS 0x0000000641c00000, 0x0000000641c00000| Untracked 
| 264|0x0000000642000000, 0x0000000642000000, 0x0000000642400000|  0%| F|  |TAMS 0x0000000642000000, 0x0000000642000000| Untracked 
| 265|0x0000000642400000, 0x0000000642400000, 0x0000000642800000|  0%| F|  |TAMS 0x0000000642400000, 0x0000000642400000| Untracked 
| 266|0x0000000642800000, 0x0000000642800000, 0x0000000642c00000|  0%| F|  |TAMS 0x0000000642800000, 0x0000000642800000| Untracked 
| 267|0x0000000642c00000, 0x0000000642c00000, 0x0000000643000000|  0%| F|  |TAMS 0x0000000642c00000, 0x0000000642c00000| Untracked 
| 268|0x0000000643000000, 0x0000000643000000, 0x0000000643400000|  0%| F|  |TAMS 0x0000000643000000, 0x0000000643000000| Untracked 
| 269|0x0000000643400000, 0x0000000643400000, 0x0000000643800000|  0%| F|  |TAMS 0x0000000643400000, 0x0000000643400000| Untracked 

Card table byte_map: [0x00000224467e0000,0x00000224477e0000] _byte_map_base: 0x00000224437e0000

Marking Bits (Prev, Next): (CMBitMap*) 0x000002241dd2a120, (CMBitMap*) 0x000002241dd2a0e0
 Prev Bits: [0x00000224507e0000, 0x00000224587e0000)
 Next Bits: [0x00000224487e0000, 0x00000224507e0000)

Polling page: 0x000002241bae0000

Metaspace:

Usage:
  Non-class:    145.42 MB used.
      Class:     21.58 MB used.
       Both:    166.99 MB used.

Virtual space:
  Non-class space:      192.00 MB reserved,     146.06 MB ( 76%) committed,  3 nodes.
      Class space:        1.00 GB reserved,      22.19 MB (  2%) committed,  1 nodes.
             Both:        1.19 GB reserved,     168.25 MB ( 14%) committed. 

Chunk freelists:
   Non-Class:  13.69 MB
       Class:  9.81 MB
        Both:  23.49 MB

MaxMetaspaceSize: 4.00 GB
CompressedClassSpaceSize: 1.00 GB
Initial GC threshold: 21.00 MB
Current GC threshold: 224.31 MB
CDS: on
MetaspaceReclaimPolicy: balanced
 - commit_granule_bytes: 65536.
 - commit_granule_words: 8192.
 - virtual_space_node_default_size: 8388608.
 - enlarge_chunks_in_place: 1.
 - new_chunks_are_fully_committed: 0.
 - uncommit_free_chunks: 1.
 - use_allocation_guard: 0.
 - handle_deallocations: 1.


Internal statistics:

num_allocs_failed_limit: 3.
num_arena_births: 1850.
num_arena_deaths: 0.
num_vsnodes_births: 4.
num_vsnodes_deaths: 0.
num_space_committed: 2689.
num_space_uncommitted: 0.
num_chunks_returned_to_freelist: 3.
num_chunks_taken_from_freelist: 8731.
num_chunk_merges: 3.
num_chunk_splits: 6084.
num_chunks_enlarged: 4383.
num_inconsistent_stats: 0.

CodeHeap 'non-profiled nmethods': size=259328Kb used=12144Kb max_used=12144Kb free=247184Kb
 bounds [0x0000022435aa0000, 0x0000022436680000, 0x00000224457e0000]
CodeHeap 'profiled nmethods': size=259264Kb used=41888Kb max_used=41888Kb free=217376Kb
 bounds [0x00000224257e0000, 0x00000224280d0000, 0x0000022435510000]
CodeHeap 'non-nmethods': size=5696Kb used=2654Kb max_used=2694Kb free=3041Kb
 bounds [0x0000022435510000, 0x00000224357c0000, 0x0000022435aa0000]
 total_blobs=19837 nmethods=18600 adapters=1147
 compilation: enabled
              stopped_count=0, restarted_count=0
 full_count=0

Compilation events (20 events):
Event: 1888.833 Thread 0x000002245896ea30 nmethod 22128 0x0000022436674d10 code [0x0000022436674f00, 0x0000022436675f28]
Event: 1888.833 Thread 0x000002245896ea30 22180       4       java.util.regex.Pattern::sequence (647 bytes)
Event: 1888.834 Thread 0x00000224589d84a0 22182       3       com.sun.xml.bind.v2.runtime.property.ArrayERProperty$ReceiverImpl::receive (30 bytes)
Event: 1888.834 Thread 0x00000224589d84a0 nmethod 22182 0x00000224280c4d10 code [0x00000224280c4ec0, 0x00000224280c5108]
Event: 1888.834 Thread 0x00000224589d84a0 22183       3       com.sun.xml.bind.v2.runtime.reflect.Lister$CollectionLister::addToPack (10 bytes)
Event: 1888.834 Thread 0x00000224589d84a0 nmethod 22183 0x00000224280c5290 code [0x00000224280c5440, 0x00000224280c5788]
Event: 1888.842 Thread 0x00000224589d84a0 22186       3       com.sun.xml.bind.WhiteSpaceProcessor::trim (85 bytes)
Event: 1888.842 Thread 0x00000224589d84a0 nmethod 22186 0x00000224280c5890 code [0x00000224280c5aa0, 0x00000224280c6198]
Event: 1888.890 Thread 0x000002245896ea30 nmethod 22180 0x0000022436676690 code [0x0000022436676920, 0x00000224366778f0]
Event: 1888.890 Thread 0x000002245896ea30 22131       4       com.sun.org.apache.xerces.internal.util.NamespaceSupport::getURI (38 bytes)
Event: 1888.894 Thread 0x000002245896ea30 nmethod 22131 0x0000022436678190 code [0x0000022436678320, 0x0000022436678538]
Event: 1888.894 Thread 0x000002245896ea30 22166       4       com.sun.org.apache.xerces.internal.impl.XMLEntityScanner::normalizeNewlines (498 bytes)
Event: 1888.907 Thread 0x000002245896ea30 nmethod 22166 0x0000022436678610 code [0x00000224366787c0, 0x0000022436678d98]
Event: 1888.907 Thread 0x000002245896ea30 22130       4       com.sun.org.apache.xerces.internal.impl.XMLEntityScanner::scanQName (580 bytes)
Event: 1888.945 Thread 0x00000224589d84a0 22187   !   3       com.sun.xml.bind.v2.runtime.unmarshaller.TextLoader::text (33 bytes)
Event: 1888.945 Thread 0x00000224589d84a0 nmethod 22187 0x00000224280c6390 code [0x00000224280c65a0, 0x00000224280c6b38]
Event: 1888.948 Thread 0x00000224589d84a0 22190       3       sun.net.util.IPAddressUtil::checkHostString (53 bytes)
Event: 1888.949 Thread 0x00000224589d84a0 nmethod 22190 0x00000224280c6d90 code [0x00000224280c7040, 0x00000224280c7c08]
Event: 1888.992 Thread 0x000002245896ea30 nmethod 22130 0x0000022436679190 code [0x0000022436679440, 0x000002243667a9e0]
Event: 1888.992 Thread 0x000002245896ea30 22189   !   4       com.sun.org.apache.xerces.internal.impl.XMLDocumentFragmentScannerImpl$FragmentContentDriver::next (2331 bytes)

GC Heap History (20 events):
Event: 1726.882 GC heap after
{Heap after GC invocations=129 (full 0):
 garbage-first heap   total 921600K, used 217437K [0x0000000600000000, 0x0000000800000000)
  region size 4096K, 2 young (8192K), 2 survivors (8192K)
 Metaspace       used 146053K, committed 147200K, reserved 1179648K
  class space    used 19191K, committed 19712K, reserved 1048576K
}
Event: 1735.231 GC heap before
{Heap before GC invocations=129 (full 0):
 garbage-first heap   total 921600K, used 254301K [0x0000000600000000, 0x0000000800000000)
  region size 4096K, 11 young (45056K), 2 survivors (8192K)
 Metaspace       used 151834K, committed 152960K, reserved 1245184K
  class space    used 19672K, committed 20224K, reserved 1048576K
}
Event: 1735.436 GC heap after
{Heap after GC invocations=130 (full 0):
 garbage-first heap   total 921600K, used 219040K [0x0000000600000000, 0x0000000800000000)
  region size 4096K, 1 young (4096K), 1 survivors (4096K)
 Metaspace       used 151834K, committed 152960K, reserved 1245184K
  class space    used 19672K, committed 20224K, reserved 1048576K
}
Event: 1750.828 GC heap before
{Heap before GC invocations=130 (full 0):
 garbage-first heap   total 921600K, used 260000K [0x0000000600000000, 0x0000000800000000)
  region size 4096K, 11 young (45056K), 1 survivors (4096K)
 Metaspace       used 157076K, committed 158208K, reserved 1245184K
  class space    used 20140K, committed 20672K, reserved 1048576K
}
Event: 1750.849 GC heap after
{Heap after GC invocations=131 (full 0):
 garbage-first heap   total 1105920K, used 220003K [0x0000000600000000, 0x0000000800000000)
  region size 4096K, 2 young (8192K), 2 survivors (8192K)
 Metaspace       used 157076K, committed 158208K, reserved 1245184K
  class space    used 20140K, committed 20672K, reserved 1048576K
}
Event: 1792.854 GC heap before
{Heap before GC invocations=131 (full 0):
 garbage-first heap   total 1105920K, used 265059K [0x0000000600000000, 0x0000000800000000)
  region size 4096K, 13 young (53248K), 2 survivors (8192K)
 Metaspace       used 160164K, committed 161344K, reserved 1245184K
  class space    used 20559K, committed 21120K, reserved 1048576K
}
Event: 1792.972 GC heap after
{Heap after GC invocations=132 (full 0):
 garbage-first heap   total 1105920K, used 222899K [0x0000000600000000, 0x0000000800000000)
  region size 4096K, 2 young (8192K), 2 survivors (8192K)
 Metaspace       used 160164K, committed 161344K, reserved 1245184K
  class space    used 20559K, committed 21120K, reserved 1048576K
}
Event: 1822.895 GC heap before
{Heap before GC invocations=132 (full 0):
 garbage-first heap   total 1105920K, used 267955K [0x0000000600000000, 0x0000000800000000)
  region size 4096K, 13 young (53248K), 2 survivors (8192K)
 Metaspace       used 163524K, committed 164672K, reserved 1245184K
  class space    used 21158K, committed 21696K, reserved 1048576K
}
Event: 1823.016 GC heap after
{Heap after GC invocations=133 (full 0):
 garbage-first heap   total 1105920K, used 223153K [0x0000000600000000, 0x0000000800000000)
  region size 4096K, 2 young (8192K), 2 survivors (8192K)
 Metaspace       used 163524K, committed 164672K, reserved 1245184K
  class space    used 21158K, committed 21696K, reserved 1048576K
}
Event: 1850.132 GC heap before
{Heap before GC invocations=133 (full 0):
 garbage-first heap   total 1105920K, used 268209K [0x0000000600000000, 0x0000000800000000)
  region size 4096K, 13 young (53248K), 2 survivors (8192K)
 Metaspace       used 166921K, committed 168128K, reserved 1245184K
  class space    used 21698K, committed 22272K, reserved 1048576K
}
Event: 1850.455 GC heap after
{Heap after GC invocations=134 (full 0):
 garbage-first heap   total 1105920K, used 225123K [0x0000000600000000, 0x0000000800000000)
  region size 4096K, 2 young (8192K), 2 survivors (8192K)
 Metaspace       used 166921K, committed 168128K, reserved 1245184K
  class space    used 21698K, committed 22272K, reserved 1048576K
}
Event: 1869.715 GC heap before
{Heap before GC invocations=134 (full 0):
 garbage-first heap   total 1105920K, used 266083K [0x0000000600000000, 0x0000000800000000)
  region size 4096K, 13 young (53248K), 2 survivors (8192K)
 Metaspace       used 169752K, committed 171008K, reserved 1245184K
  class space    used 21989K, committed 22592K, reserved 1048576K
}
Event: 1870.350 GC heap after
{Heap after GC invocations=135 (full 0):
 garbage-first heap   total 1105920K, used 228921K [0x0000000600000000, 0x0000000800000000)
  region size 4096K, 2 young (8192K), 2 survivors (8192K)
 Metaspace       used 169752K, committed 171008K, reserved 1245184K
  class space    used 21989K, committed 22592K, reserved 1048576K
}
Event: 1871.446 GC heap before
{Heap before GC invocations=135 (full 0):
 garbage-first heap   total 1105920K, used 269881K [0x0000000600000000, 0x0000000800000000)
  region size 4096K, 13 young (53248K), 2 survivors (8192K)
 Metaspace       used 169810K, committed 171008K, reserved 1245184K
  class space    used 21990K, committed 22592K, reserved 1048576K
}
Event: 1873.367 GC heap after
{Heap after GC invocations=136 (full 0):
 garbage-first heap   total 1105920K, used 230412K [0x0000000600000000, 0x0000000800000000)
  region size 4096K, 2 young (8192K), 2 survivors (8192K)
 Metaspace       used 169810K, committed 171008K, reserved 1245184K
  class space    used 21990K, committed 22592K, reserved 1048576K
}
Event: 1875.410 GC heap before
{Heap before GC invocations=136 (full 0):
 garbage-first heap   total 1105920K, used 271372K [0x0000000600000000, 0x0000000800000000)
  region size 4096K, 13 young (53248K), 2 survivors (8192K)
 Metaspace       used 169880K, committed 171136K, reserved 1245184K
  class space    used 21992K, committed 22592K, reserved 1048576K
}
Event: 1876.557 GC heap after
{Heap after GC invocations=137 (full 0):
 garbage-first heap   total 1105920K, used 232706K [0x0000000600000000, 0x0000000800000000)
  region size 4096K, 2 young (8192K), 2 survivors (8192K)
 Metaspace       used 169880K, committed 171136K, reserved 1245184K
  class space    used 21992K, committed 22592K, reserved 1048576K
}
Event: 1885.692 GC heap before
{Heap before GC invocations=137 (full 0):
 garbage-first heap   total 1105920K, used 273666K [0x0000000600000000, 0x0000000800000000)
  region size 4096K, 13 young (53248K), 2 survivors (8192K)
 Metaspace       used 170870K, committed 172096K, reserved 1245184K
  class space    used 22091K, committed 22656K, reserved 1048576K
}
Event: 1887.630 GC heap after
{Heap after GC invocations=138 (full 0):
 garbage-first heap   total 1105920K, used 232368K [0x0000000600000000, 0x0000000800000000)
  region size 4096K, 1 young (4096K), 1 survivors (4096K)
 Metaspace       used 170870K, committed 172096K, reserved 1245184K
  class space    used 22091K, committed 22656K, reserved 1048576K
}
Event: 1888.995 GC heap before
{Heap before GC invocations=138 (full 0):
 garbage-first heap   total 1105920K, used 281520K [0x0000000600000000, 0x0000000800000000)
  region size 4096K, 13 young (53248K), 1 survivors (4096K)
 Metaspace       used 171001K, committed 172288K, reserved 1245184K
  class space    used 22096K, committed 22720K, reserved 1048576K
}

Dll operation events (16 events):
Event: 0.747 Loaded shared library C:\Program Files\Eclipse Adoptium\jdk-17.0.18.8-hotspot\bin\java.dll
Event: 0.848 Loaded shared library C:\Program Files\Eclipse Adoptium\jdk-17.0.18.8-hotspot\bin\jsvml.dll
Event: 1.099 Loaded shared library C:\Program Files\Eclipse Adoptium\jdk-17.0.18.8-hotspot\bin\zip.dll
Event: 1.165 Loaded shared library C:\Program Files\Eclipse Adoptium\jdk-17.0.18.8-hotspot\bin\instrument.dll
Event: 1.187 Loaded shared library C:\Program Files\Eclipse Adoptium\jdk-17.0.18.8-hotspot\bin\net.dll
Event: 1.191 Loaded shared library C:\Program Files\Eclipse Adoptium\jdk-17.0.18.8-hotspot\bin\nio.dll
Event: 1.198 Loaded shared library C:\Program Files\Eclipse Adoptium\jdk-17.0.18.8-hotspot\bin\zip.dll
Event: 3.590 Loaded shared library C:\Program Files\Eclipse Adoptium\jdk-17.0.18.8-hotspot\bin\jimage.dll
Event: 5.757 Loaded shared library C:\Program Files\Eclipse Adoptium\jdk-17.0.18.8-hotspot\bin\verify.dll
Event: 7.794 Loaded shared library C:\Users\HONAB\.gradle\native\1def1411415f61bf3af743bc5b6707747c0891f09f0c88961ee8f79bc544acac\windows-amd64\native-platform.dll
Event: 8.634 Loaded shared library C:\Users\HONAB\.gradle\native\0.2.7\x86_64-windows-gnu\gradle-fileevents.dll
Event: 33.572 Loaded shared library C:\Program Files\Eclipse Adoptium\jdk-17.0.18.8-hotspot\bin\management.dll
Event: 33.769 Loaded shared library C:\Program Files\Eclipse Adoptium\jdk-17.0.18.8-hotspot\bin\management_ext.dll
Event: 37.386 Loaded shared library C:\Program Files\Eclipse Adoptium\jdk-17.0.18.8-hotspot\bin\extnet.dll
Event: 41.222 Loaded shared library C:\Program Files\Eclipse Adoptium\jdk-17.0.18.8-hotspot\bin\sunmscapi.dll
Event: 1880.973 Loaded shared library C:\Users\HONAB\AppData\Local\Temp\jna-68924040\jna896613829950688631.dll

Deoptimization events (20 events):
Event: 1888.397 Thread 0x00000224a5061120 DEOPT PACKING pc=0x00000224280721ab sp=0x000000b3718f6280
Event: 1888.397 Thread 0x00000224a5061120 DEOPT UNPACKING pc=0x0000022435567124 sp=0x000000b3718f5740 mode 0
Event: 1888.399 Thread 0x00000224a5061120 DEOPT PACKING pc=0x0000022427fe8b8a sp=0x000000b3718f5ed0
Event: 1888.399 Thread 0x00000224a5061120 DEOPT UNPACKING pc=0x0000022435567124 sp=0x000000b3718f5390 mode 0
Event: 1888.401 Thread 0x00000224a5061120 DEOPT PACKING pc=0x0000022427fe8b8a sp=0x000000b3718f5ed0
Event: 1888.401 Thread 0x00000224a5061120 DEOPT UNPACKING pc=0x0000022435567124 sp=0x000000b3718f5390 mode 0
Event: 1888.401 Thread 0x00000224a5061120 DEOPT PACKING pc=0x0000022425bd75e8 sp=0x000000b3718f6050
Event: 1888.401 Thread 0x00000224a5061120 DEOPT UNPACKING pc=0x0000022435567124 sp=0x000000b3718f54d8 mode 0
Event: 1888.402 Thread 0x00000224a5061120 DEOPT PACKING pc=0x00000224280721ab sp=0x000000b3718f6280
Event: 1888.402 Thread 0x00000224a5061120 DEOPT UNPACKING pc=0x0000022435567124 sp=0x000000b3718f5740 mode 0
Event: 1888.402 Thread 0x00000224a5061120 DEOPT PACKING pc=0x0000022427fe8b8a sp=0x000000b3718f6060
Event: 1888.402 Thread 0x00000224a5061120 DEOPT UNPACKING pc=0x0000022435567124 sp=0x000000b3718f5520 mode 0
Event: 1888.631 Thread 0x00000224a5061120 DEOPT PACKING pc=0x0000022427fd5afd sp=0x000000b3718f6060
Event: 1888.631 Thread 0x00000224a5061120 DEOPT UNPACKING pc=0x0000022435567124 sp=0x000000b3718f5550 mode 0
Event: 1888.638 Thread 0x00000224a5061120 DEOPT PACKING pc=0x0000022427fd5afd sp=0x000000b3718f6060
Event: 1888.638 Thread 0x00000224a5061120 DEOPT UNPACKING pc=0x0000022435567124 sp=0x000000b3718f5550 mode 0
Event: 1888.681 Thread 0x00000224a5061120 Uncommon trap: trap_request=0xffffff45 fr.pc=0x000002243665fddc relative=0x00000000000041fc
Event: 1888.681 Thread 0x00000224a5061120 Uncommon trap: reason=unstable_if action=reinterpret pc=0x000002243665fddc method=com.sun.org.apache.xerces.internal.impl.XMLDocumentFragmentScannerImpl$FragmentContentDriver.next()I @ 782 c2
Event: 1888.681 Thread 0x00000224a5061120 DEOPT PACKING pc=0x000002243665fddc sp=0x000000b3718f6390
Event: 1888.681 Thread 0x00000224a5061120 DEOPT UNPACKING pc=0x000002243556699d sp=0x000000b3718f63d0 mode 2

Classes loaded (20 events):
Event: 1866.113 Loading class sun/net/www/http/KeepAliveCache$1
Event: 1866.113 Loading class sun/net/www/http/KeepAliveCache$1 done
Event: 1866.114 Loading class sun/net/www/http/ClientVector
Event: 1866.180 Loading class sun/net/www/http/ClientVector done
Event: 1866.184 Loading class sun/net/www/http/KeepAliveEntry
Event: 1866.184 Loading class sun/net/www/http/KeepAliveEntry done
Event: 1866.390 Loading class sun/nio/cs/ISO_8859_1$Encoder
Event: 1866.440 Loading class sun/nio/cs/ISO_8859_1$Encoder done
Event: 1866.440 Loading class sun/nio/cs/Surrogate$Parser
Event: 1866.479 Loading class sun/nio/cs/Surrogate$Parser done
Event: 1866.479 Loading class sun/nio/cs/Surrogate
Event: 1866.479 Loading class sun/nio/cs/Surrogate done
Event: 1867.373 Loading class java/util/concurrent/ConcurrentHashMap$KeySpliterator
Event: 1867.437 Loading class java/util/concurrent/ConcurrentHashMap$KeySpliterator done
Event: 1881.116 Loading class java/nio/ShortBuffer
Event: 1881.177 Loading class java/nio/ShortBuffer done
Event: 1881.180 Loading class java/nio/FloatBuffer
Event: 1881.199 Loading class java/nio/FloatBuffer done
Event: 1881.199 Loading class java/nio/DoubleBuffer
Event: 1881.254 Loading class java/nio/DoubleBuffer done

Classes unloaded (0 events):
No events

Classes redefined (0 events):
No events

Internal exceptions (20 events):
Event: 1867.701 Thread 0x00000224a21c2140 Exception <a 'sun/nio/fs/WindowsException'{0x0000000641a0f8f0}> (0x0000000641a0f8f0) 
thrown [s\src\hotspot\share\prims\jni.cpp, line 516]
Event: 1867.716 Thread 0x00000224a21c2140 Exception <a 'sun/nio/fs/WindowsException'{0x0000000641a0fdf8}> (0x0000000641a0fdf8) 
thrown [s\src\hotspot\share\prims\jni.cpp, line 516]
Event: 1867.716 Thread 0x00000224a21c2140 Exception <a 'sun/nio/fs/WindowsException'{0x0000000641a102e0}> (0x0000000641a102e0) 
thrown [s\src\hotspot\share\prims\jni.cpp, line 516]
Event: 1867.733 Thread 0x00000224a08612f0 Exception <a 'sun/nio/fs/WindowsException'{0x0000000641a351d0}> (0x0000000641a351d0) 
thrown [s\src\hotspot\share\prims\jni.cpp, line 516]
Event: 1867.733 Thread 0x00000224a08612f0 Exception <a 'sun/nio/fs/WindowsException'{0x0000000641a356d8}> (0x0000000641a356d8) 
thrown [s\src\hotspot\share\prims\jni.cpp, line 516]
Event: 1867.733 Thread 0x00000224a08612f0 Exception <a 'sun/nio/fs/WindowsException'{0x0000000641a35bc0}> (0x0000000641a35bc0) 
thrown [s\src\hotspot\share\prims\jni.cpp, line 516]
Event: 1867.740 Thread 0x00000224aae744d0 Exception <a 'sun/nio/fs/WindowsException'{0x0000000641a5aae8}> (0x0000000641a5aae8) 
thrown [s\src\hotspot\share\prims\jni.cpp, line 516]
Event: 1867.741 Thread 0x00000224aae744d0 Exception <a 'sun/nio/fs/WindowsException'{0x0000000641a5aff0}> (0x0000000641a5aff0) 
thrown [s\src\hotspot\share\prims\jni.cpp, line 516]
Event: 1867.741 Thread 0x00000224aae744d0 Exception <a 'sun/nio/fs/WindowsException'{0x0000000641a5b4d8}> (0x0000000641a5b4d8) 
thrown [s\src\hotspot\share\prims\jni.cpp, line 516]
Event: 1867.742 Thread 0x00000224aae6f8e0 Exception <a 'sun/nio/fs/WindowsException'{0x0000000641a803c0}> (0x0000000641a803c0) 
thrown [s\src\hotspot\share\prims\jni.cpp, line 516]
Event: 1867.743 Thread 0x00000224aae6f8e0 Exception <a 'sun/nio/fs/WindowsException'{0x0000000641a808c8}> (0x0000000641a808c8) 
thrown [s\src\hotspot\share\prims\jni.cpp, line 516]
Event: 1867.743 Thread 0x00000224aae6f8e0 Exception <a 'sun/nio/fs/WindowsException'{0x0000000641a80db0}> (0x0000000641a80db0) 
thrown [s\src\hotspot\share\prims\jni.cpp, line 516]
Event: 1867.746 Thread 0x00000224aae72160 Exception <a 'sun/nio/fs/WindowsException'{0x0000000641aa5c68}> (0x0000000641aa5c68) 
thrown [s\src\hotspot\share\prims\jni.cpp, line 516]
Event: 1867.746 Thread 0x00000224aae72160 Exception <a 'sun/nio/fs/WindowsException'{0x0000000641aa6168}> (0x0000000641aa6168) 
thrown [s\src\hotspot\share\prims\jni.cpp, line 516]
Event: 1867.746 Thread 0x00000224aae72160 Exception <a 'sun/nio/fs/WindowsException'{0x0000000641aa6648}> (0x0000000641aa6648) 
thrown [s\src\hotspot\share\prims\jni.cpp, line 516]
Event: 1867.748 Thread 0x00000224aae6da80 Exception <a 'sun/nio/fs/WindowsException'{0x0000000641acb570}> (0x0000000641acb570) 
thrown [s\src\hotspot\share\prims\jni.cpp, line 516]
Event: 1867.748 Thread 0x00000224aae6da80 Exception <a 'sun/nio/fs/WindowsException'{0x0000000641acba70}> (0x0000000641acba70) 
thrown [s\src\hotspot\share\prims\jni.cpp, line 516]
Event: 1867.748 Thread 0x00000224aae6da80 Exception <a 'sun/nio/fs/WindowsException'{0x0000000641acbf50}> (0x0000000641acbf50) 
thrown [s\src\hotspot\share\prims\jni.cpp, line 516]
Event: 1884.990 Thread 0x00000224a5061120 Exception <a 'java/lang/UnsatisfiedLinkError'{0x00000006418f1ed0}: The specified procedure could not be found.
> (0x00000006418f1ed0) 
thrown [s\src\hotspot\share\prims\jni.cpp, line 535]
Event: 1885.119 Thread 0x00000224a5061120 Exception <a 'java/lang/UnsatisfiedLinkError'{0x0000000641958b98}: The specified procedure could not be found.
> (0x0000000641958b98) 
thrown [s\src\hotspot\share\prims\jni.cpp, line 535]

VM Operations (20 events):
Event: 1875.368 Executing VM operation: Cleanup done
Event: 1875.410 Executing VM operation: G1CollectForAllocation
Event: 1876.557 Executing VM operation: G1CollectForAllocation done
Event: 1878.570 Executing VM operation: Cleanup
Event: 1878.570 Executing VM operation: Cleanup done
Event: 1879.583 Executing VM operation: Cleanup
Event: 1879.583 Executing VM operation: Cleanup done
Event: 1880.588 Executing VM operation: Cleanup
Event: 1880.589 Executing VM operation: Cleanup done
Event: 1881.602 Executing VM operation: Cleanup
Event: 1881.602 Executing VM operation: Cleanup done
Event: 1881.872 Executing VM operation: HandshakeAllThreads
Event: 1881.872 Executing VM operation: HandshakeAllThreads done
Event: 1882.876 Executing VM operation: Cleanup
Event: 1882.892 Executing VM operation: Cleanup done
Event: 1884.908 Executing VM operation: Cleanup
Event: 1884.908 Executing VM operation: Cleanup done
Event: 1885.692 Executing VM operation: G1CollectForAllocation
Event: 1887.630 Executing VM operation: G1CollectForAllocation done
Event: 1888.995 Executing VM operation: G1CollectForAllocation

Memory protections (0 events):
No events

Nmethod flushes (20 events):
Event: 1728.611 Thread 0x00000224589da9d0 flushing  nmethod 0x00000224278e7f90
Event: 1728.611 Thread 0x00000224589da9d0 flushing  nmethod 0x000002242793a090
Event: 1728.612 Thread 0x00000224589da9d0 flushing  nmethod 0x000002242795be90
Event: 1728.612 Thread 0x00000224589da9d0 flushing  nmethod 0x0000022427992790
Event: 1728.612 Thread 0x00000224589da9d0 flushing  nmethod 0x000002242799a890
Event: 1728.612 Thread 0x00000224589da9d0 flushing  nmethod 0x00000224279a5b90
Event: 1728.612 Thread 0x00000224589da9d0 flushing  nmethod 0x00000224279c1410
Event: 1728.612 Thread 0x00000224589da9d0 flushing  nmethod 0x00000224279c5990
Event: 1728.612 Thread 0x00000224589da9d0 flushing  nmethod 0x00000224279ca290
Event: 1728.612 Thread 0x00000224589da9d0 flushing  nmethod 0x00000224279e9f90
Event: 1728.612 Thread 0x00000224589da9d0 flushing  nmethod 0x0000022427a53610
Event: 1728.612 Thread 0x00000224589da9d0 flushing  nmethod 0x0000022427a82690
Event: 1728.612 Thread 0x00000224589da9d0 flushing  nmethod 0x0000022427aaa790
Event: 1728.613 Thread 0x00000224589da9d0 flushing  nmethod 0x0000022427aeca90
Event: 1728.613 Thread 0x00000224589da9d0 flushing  nmethod 0x0000022427b2ce10
Event: 1728.613 Thread 0x00000224589da9d0 flushing  nmethod 0x0000022427b79e90
Event: 1728.613 Thread 0x00000224589da9d0 flushing  nmethod 0x0000022427b9c410
Event: 1728.613 Thread 0x00000224589da9d0 flushing  nmethod 0x0000022427ba3490
Event: 1728.613 Thread 0x00000224589da9d0 flushing  nmethod 0x0000022427bd9390
Event: 1851.420 Thread 0x00000224589da9d0 flushing  nmethod 0x0000022427bef390

Events (20 events):
Event: 1873.806 Thread 0x00000224a21c2140 Thread exited: 0x00000224a21c2140
Event: 1873.808 Thread 0x00000224aae72160 Thread exited: 0x00000224aae72160
Event: 1873.872 Thread 0x00000224aa087f40 Thread exited: 0x00000224aa087f40
Event: 1874.112 Thread 0x00000224a364a670 Thread exited: 0x00000224a364a670
Event: 1874.212 Thread 0x00000224aa087a30 Thread exited: 0x00000224aa087a30
Event: 1874.459 Thread 0x00000224aa082e40 Thread exited: 0x00000224aa082e40
Event: 1874.714 Thread 0x00000224a5065d10 Thread exited: 0x00000224a5065d10
Event: 1875.016 Thread 0x00000224aa087520 Thread exited: 0x00000224aa087520
Event: 1875.018 Thread 0x00000224aa082930 Thread exited: 0x00000224aa082930
Event: 1875.105 Thread 0x00000224aae744d0 Thread exited: 0x00000224aae744d0
Event: 1875.125 Thread 0x00000224aae6f8e0 Thread exited: 0x00000224aae6f8e0
Event: 1875.187 Thread 0x00000224aa081f10 Thread exited: 0x00000224aa081f10
Event: 1875.188 Thread 0x00000224a505fce0 Thread exited: 0x00000224a505fce0
Event: 1875.297 Thread 0x00000224a5061630 Thread exited: 0x00000224a5061630
Event: 1876.571 Thread 0x00000224a364a160 Thread exited: 0x00000224a364a160
Event: 1876.803 Thread 0x00000224a08612f0 Thread exited: 0x00000224a08612f0
Event: 1877.194 Thread 0x00000224aa081a00 Thread added: 0x00000224aae72b80
Event: 1877.197 Thread 0x00000224aae72b80 Thread exited: 0x00000224aae72b80
Event: 1877.667 Thread 0x00000224aa082420 Thread exited: 0x00000224aa082420
Event: 1887.670 Thread 0x00000224aa086b00 Thread exited: 0x00000224aa086b00


Dynamic libraries:
0x00007ff7ecfb0000 - 0x00007ff7ecfbe000 	C:\Program Files\Eclipse Adoptium\jdk-17.0.18.8-hotspot\bin\java.exe
0x00007ffecb1a0000 - 0x00007ffecb390000 	C:\Windows\SYSTEM32\ntdll.dll
0x00007ffeca4f0000 - 0x00007ffeca5a2000 	C:\Windows\System32\KERNEL32.DLL
0x00007ffec87a0000 - 0x00007ffec8a42000 	C:\Windows\System32\KERNELBASE.dll
0x00007ffec8130000 - 0x00007ffec822a000 	C:\Windows\System32\ucrtbase.dll
0x00007ffeb0bf0000 - 0x00007ffeb0c0e000 	C:\Program Files\Eclipse Adoptium\jdk-17.0.18.8-hotspot\bin\VCRUNTIME140.dll
0x00007ffeae2f0000 - 0x00007ffeae308000 	C:\Program Files\Eclipse Adoptium\jdk-17.0.18.8-hotspot\bin\jli.dll
0x00007ffeca6f0000 - 0x00007ffeca883000 	C:\Windows\System32\USER32.dll
0x00007ffec8ab0000 - 0x00007ffec8ad1000 	C:\Windows\System32\win32u.dll
0x00007ffec96c0000 - 0x00007ffec96e6000 	C:\Windows\System32\GDI32.dll
0x00007ffec8560000 - 0x00007ffec86f4000 	C:\Windows\System32\gdi32full.dll
0x00007ffec8700000 - 0x00007ffec879e000 	C:\Windows\System32\msvcp_win.dll
0x00007ffebbe50000 - 0x00007ffebc0d5000 	C:\Windows\WinSxS\amd64_microsoft.windows.common-controls_6595b64144ccf1df_6.0.18362.30_none_a1435978519dce7f\COMCTL32.dll
0x00007ffec99b0000 - 0x00007ffec9a4e000 	C:\Windows\System32\msvcrt.dll
0x00007ffeca1b0000 - 0x00007ffeca4e6000 	C:\Windows\System32\combase.dll
0x00007ffeca890000 - 0x00007ffeca9b0000 	C:\Windows\System32\RPCRT4.dll
0x00007ffec84d0000 - 0x00007ffec8551000 	C:\Windows\System32\bcryptPrimitives.dll
0x00007ffecaa60000 - 0x00007ffecaa8e000 	C:\Windows\System32\IMM32.DLL
0x00007ffeb86a0000 - 0x00007ffeb86ac000 	C:\Program Files\Eclipse Adoptium\jdk-17.0.18.8-hotspot\bin\vcruntime140_1.dll
0x00007ffe99240000 - 0x00007ffe992cd000 	C:\Program Files\Eclipse Adoptium\jdk-17.0.18.8-hotspot\bin\msvcp140.dll
0x00007ffe985d0000 - 0x00007ffe9923b000 	C:\Program Files\Eclipse Adoptium\jdk-17.0.18.8-hotspot\bin\server\jvm.dll
0x00007ffec97c0000 - 0x00007ffec9863000 	C:\Windows\System32\ADVAPI32.dll
0x00007ffec9550000 - 0x00007ffec95e7000 	C:\Windows\System32\sechost.dll
0x00007ffec80e0000 - 0x00007ffec812a000 	C:\Windows\System32\POWRPROF.dll
0x00007ffec8070000 - 0x00007ffec8080000 	C:\Windows\System32\UMPDC.dll
0x00007ffec9650000 - 0x00007ffec96bf000 	C:\Windows\System32\WS2_32.dll
0x00007ffec5d60000 - 0x00007ffec5d84000 	C:\Windows\SYSTEM32\WINMM.dll
0x00007ffebc0f0000 - 0x00007ffebc0fa000 	C:\Windows\SYSTEM32\VERSION.dll
0x00007ffec5d30000 - 0x00007ffec5d5d000 	C:\Windows\SYSTEM32\WINMMBASE.dll
0x00007ffec83b0000 - 0x00007ffec83fa000 	C:\Windows\System32\cfgmgr32.dll
0x00007ffec80a0000 - 0x00007ffec80b1000 	C:\Windows\System32\kernel.appcore.dll
0x00007ffeb2490000 - 0x00007ffeb249a000 	C:\Program Files\Eclipse Adoptium\jdk-17.0.18.8-hotspot\bin\jimage.dll
0x00007ffea7070000 - 0x00007ffea7264000 	C:\Windows\SYSTEM32\DBGHELP.DLL
0x00007ffeba2d0000 - 0x00007ffeba2fa000 	C:\Windows\SYSTEM32\dbgcore.DLL
0x00007ffebe730000 - 0x00007ffebe73e000 	C:\Program Files\Eclipse Adoptium\jdk-17.0.18.8-hotspot\bin\instrument.dll
0x00007ffe985a0000 - 0x00007ffe985c5000 	C:\Program Files\Eclipse Adoptium\jdk-17.0.18.8-hotspot\bin\java.dll
0x00007ffe984c0000 - 0x00007ffe98597000 	C:\Program Files\Eclipse Adoptium\jdk-17.0.18.8-hotspot\bin\jsvml.dll
0x00007ffec9a50000 - 0x00007ffeca130000 	C:\Windows\System32\SHELL32.dll
0x00007ffec9700000 - 0x00007ffec97a9000 	C:\Windows\System32\shcore.dll
0x00007ffec8ae0000 - 0x00007ffec925b000 	C:\Windows\System32\windows.storage.dll
0x00007ffec8080000 - 0x00007ffec809f000 	C:\Windows\System32\profapi.dll
0x00007ffecac10000 - 0x00007ffecac62000 	C:\Windows\System32\shlwapi.dll
0x00007ffec8400000 - 0x00007ffec8417000 	C:\Windows\System32\cryptsp.dll
0x00007ffea6480000 - 0x00007ffea6498000 	C:\Program Files\Eclipse Adoptium\jdk-17.0.18.8-hotspot\bin\zip.dll
0x00007ffea8930000 - 0x00007ffea894a000 	C:\Program Files\Eclipse Adoptium\jdk-17.0.18.8-hotspot\bin\net.dll
0x00007ffec0e10000 - 0x00007ffec0eff000 	C:\Windows\SYSTEM32\WINHTTP.dll
0x00007ffec78e0000 - 0x00007ffec7947000 	C:\Windows\system32\mswsock.dll
0x00007ffea8830000 - 0x00007ffea8846000 	C:\Program Files\Eclipse Adoptium\jdk-17.0.18.8-hotspot\bin\nio.dll
0x00007ffec03e0000 - 0x00007ffec03f0000 	C:\Program Files\Eclipse Adoptium\jdk-17.0.18.8-hotspot\bin\verify.dll
0x00007ffebe020000 - 0x00007ffebe047000 	C:\Users\HONAB\.gradle\native\1def1411415f61bf3af743bc5b6707747c0891f09f0c88961ee8f79bc544acac\windows-amd64\native-platform.dll
0x00007ffeba5d0000 - 0x00007ffeba648000 	C:\Users\HONAB\.gradle\native\0.2.7\x86_64-windows-gnu\gradle-fileevents.dll
0x00007ffec03d0000 - 0x00007ffec03da000 	C:\Program Files\Eclipse Adoptium\jdk-17.0.18.8-hotspot\bin\management.dll
0x00007ffec03c0000 - 0x00007ffec03cc000 	C:\Program Files\Eclipse Adoptium\jdk-17.0.18.8-hotspot\bin\management_ext.dll
0x00007ffec9410000 - 0x00007ffec9418000 	C:\Windows\System32\PSAPI.DLL
0x00007ffec7640000 - 0x00007ffec767a000 	C:\Windows\SYSTEM32\IPHLPAPI.DLL
0x00007ffec97b0000 - 0x00007ffec97b8000 	C:\Windows\System32\NSI.dll
0x00007ffec1800000 - 0x00007ffec1816000 	C:\Windows\SYSTEM32\dhcpcsvc6.DLL
0x00007ffec1ca0000 - 0x00007ffec1cbc000 	C:\Windows\SYSTEM32\dhcpcsvc.DLL
0x00007ffec7690000 - 0x00007ffec775a000 	C:\Windows\SYSTEM32\DNSAPI.dll
0x00007ffebcaf0000 - 0x00007ffebcaf9000 	C:\Program Files\Eclipse Adoptium\jdk-17.0.18.8-hotspot\bin\extnet.dll
0x00007ffec74a0000 - 0x00007ffec74d3000 	C:\Windows\system32\rsaenh.dll
0x00007ffec8380000 - 0x00007ffec83a6000 	C:\Windows\System32\bcrypt.dll
0x00007ffec7f90000 - 0x00007ffec7fb5000 	C:\Windows\SYSTEM32\USERENV.dll
0x00007ffec7ab0000 - 0x00007ffec7abc000 	C:\Windows\SYSTEM32\CRYPTBASE.dll
0x00007ffec05f0000 - 0x00007ffec05fe000 	C:\Program Files\Eclipse Adoptium\jdk-17.0.18.8-hotspot\bin\sunmscapi.dll
0x00007ffec8230000 - 0x00007ffec8379000 	C:\Windows\System32\CRYPT32.dll
0x00007ffec80c0000 - 0x00007ffec80d2000 	C:\Windows\System32\MSASN1.dll
0x00007ffec7bb0000 - 0x00007ffec7bd6000 	C:\Windows\SYSTEM32\ncrypt.dll
0x00007ffec7b70000 - 0x00007ffec7bab000 	C:\Windows\SYSTEM32\NTASN1.dll
0x00007ffebcb00000 - 0x00007ffebcb07000 	C:\Windows\system32\wshunix.dll
0x00007ffebd4c0000 - 0x00007ffebd4ca000 	C:\Windows\System32\rasadhlp.dll
0x00007ffec1510000 - 0x00007ffec1587000 	C:\Windows\System32\fwpuclnt.dll
0x00007ffec02e0000 - 0x00007ffec02f6000 	C:\Windows\system32\napinsp.dll
0x00007ffeba300000 - 0x00007ffeba31a000 	C:\Windows\system32\pnrpnsp.dll
0x00007ffec0510000 - 0x00007ffec051e000 	C:\Windows\System32\winrnr.dll
0x00007ffec48e0000 - 0x00007ffec48fc000 	C:\Windows\system32\NLAapi.dll
0x00007ffebcc40000 - 0x00007ffebcc55000 	C:\Windows\system32\wshbth.dll
0x00007ffebba00000 - 0x00007ffebba41000 	C:\Users\HONAB\AppData\Local\Temp\jna-68924040\jna896613829950688631.dll

dbghelp: loaded successfully - version: 4.0.5 - missing functions: none
symbol engine: initialized successfully - sym options: 0x614 - pdb path: .;C:\Program Files\Eclipse Adoptium\jdk-17.0.18.8-hotspot\bin;C:\Windows\SYSTEM32;C:\Windows\WinSxS\amd64_microsoft.windows.common-controls_6595b64144ccf1df_6.0.18362.30_none_a1435978519dce7f;C:\Program Files\Eclipse Adoptium\jdk-17.0.18.8-hotspot\bin\server;C:\Users\HONAB\.gradle\native\1def1411415f61bf3af743bc5b6707747c0891f09f0c88961ee8f79bc544acac\windows-amd64;C:\Users\HONAB\.gradle\native\0.2.7\x86_64-windows-gnu;C:\Users\HONAB\AppData\Local\Temp\jna-68924040

VM Arguments:
jvm_args: --add-opens=java.base/java.lang=ALL-UNNAMED --add-opens=java.base/java.lang.invoke=ALL-UNNAMED --add-opens=java.base/java.util=ALL-UNNAMED --add-opens=java.prefs/java.util.prefs=ALL-UNNAMED --add-exports=jdk.compiler/com.sun.tools.javac.api=ALL-UNNAMED --add-exports=jdk.compiler/com.sun.tools.javac.util=ALL-UNNAMED --add-opens=java.base/java.util=ALL-UNNAMED --add-opens=java.prefs/java.util.prefs=ALL-UNNAMED --add-opens=java.base/java.nio.charset=ALL-UNNAMED --add-opens=java.base/java.net=ALL-UNNAMED --add-opens=java.base/java.util.concurrent.atomic=ALL-UNNAMED --add-opens=java.xml/javax.xml.namespace=ALL-UNNAMED -XX:MaxMetaspaceSize=4G -XX:ReservedCodeCacheSize=512m -XX:+HeapDumpOnOutOfMemoryError -Xmx8G -Dfile.encoding=windows-1252 -Duser.country=US -Duser.language=en -Duser.variant -javaagent:C:\Users\HONAB\.gradle\wrapper\dists\gradle-8.14-all\c2qonpi39x1mddn7hk5gh9iqj\gradle-8.14\lib\agents\gradle-instrumentation-agent-8.14.jar 
java_command: org.gradle.launcher.daemon.bootstrap.GradleDaemon 8.14
java_class_path (initial): C:\Users\HONAB\.gradle\wrapper\dists\gradle-8.14-all\c2qonpi39x1mddn7hk5gh9iqj\gradle-8.14\lib\gradle-daemon-main-8.14.jar
Launcher Type: SUN_STANDARD

[Global flags]
     intx CICompilerCount                          = 2                                         {product} {ergonomic}
     uint ConcGCThreads                            = 1                                         {product} {ergonomic}
     uint G1ConcRefinementThreads                  = 2                                         {product} {ergonomic}
   size_t G1HeapRegionSize                         = 4194304                                   {product} {ergonomic}
    uintx GCDrainStackTargetSize                   = 64                                        {product} {ergonomic}
     bool HeapDumpOnOutOfMemoryError               = true                                   {manageable} {command line}
   size_t InitialHeapSize                          = 46137344                                  {product} {ergonomic}
   size_t MarkStackSize                            = 4194304                                   {product} {ergonomic}
   size_t MaxHeapSize                              = 8589934592                                {product} {command line}
   size_t MaxMetaspaceSize                         = 4294967296                                {product} {command line}
   size_t MaxNewSize                               = 5150605312                                {product} {ergonomic}
   size_t MinHeapDeltaBytes                        = 4194304                                   {product} {ergonomic}
   size_t MinHeapSize                              = 8388608                                   {product} {ergonomic}
    uintx NonNMethodCodeHeapSize                   = 5826188                                {pd product} {ergonomic}
    uintx NonProfiledCodeHeapSize                  = 265522362                              {pd product} {ergonomic}
    uintx ProfiledCodeHeapSize                     = 265522362                              {pd product} {ergonomic}
    uintx ReservedCodeCacheSize                    = 536870912                              {pd product} {command line}
     bool SegmentedCodeCache                       = true                                      {product} {ergonomic}
   size_t SoftMaxHeapSize                          = 8589934592                             {manageable} {ergonomic}
   double SweeperThreshold                         = 0.234375                                  {product} {ergonomic}
     bool UseCompressedClassPointers               = true                           {product lp64_product} {ergonomic}
     bool UseCompressedOops                        = true                           {product lp64_product} {ergonomic}
     bool UseG1GC                                  = true                                      {product} {ergonomic}
     bool UseLargePagesIndividualAllocation        = false                                  {pd product} {ergonomic}

Logging:
Log output configuration:
 #0: stdout all=warning uptime,level,tags
 #1: stderr all=off uptime,level,tags

Environment Variables:
JAVA_HOME=C:\Program Files\Eclipse Adoptium\jdk-17.0.18.8-hotspot\
CLASSPATH=C:\REELZO\reelzo\android\\gradle\wrapper\gradle-wrapper.jar
PATH=C:\Program Files\Eclipse Adoptium\jdk-17.0.18.8-hotspot\bin;C:\Users\HONAB\Downloads\flutter_windows_3.41.1-stable\flutter\bin\;C:\Users\HONAB\AppData\Local\Programs\Microsoft VS Code;C:\Program Files\Eclipse Adoptium\jdk-17.0.18.8-hotspot\bin;C:\Windows\system32;C:\Windows;C:\Windows\System32\Wbem;C:\Windows\System32\WindowsPowerShell\v1.0\;C:\Windows\System32\OpenSSH\;C:\Program Files\Git\cmd;C:\Users\HONAB\AppData\Local\Microsoft\WindowsApps;C:\Users\HONAB\AppData\Local\Programs\Microsoft VS Code\bin
USERNAME=HONAB
LANG=en_US.UTF-8
OS=Windows_NT
PROCESSOR_IDENTIFIER=AMD64 Family 16 Model 6 Stepping 2, AuthenticAMD
TMP=C:\Users\HONAB\AppData\Local\Temp
TEMP=C:\Users\HONAB\AppData\Local\Temp



Periodic native trim disabled


---------------  S Y S T E M  ---------------

OS:
 Windows 10 , 64 bit Build 18362 (10.0.18362.1)
OS uptime: 0 days 0:58 hours

CPU: total 2 (initial active 2) (2 cores per cpu, 1 threads per core) family 16 model 6 stepping 2 microcode 0x0, cx8, cmov, fxsr, mmx, 3dnowpref, sse, sse2, sse3, sse4a, popcnt, lzcnt, tsc, tscinvbit, clflush
Processor Information for all 2 processors :
  Max Mhz: 2700, Current Mhz: 800, Mhz Limit: 2700

Memory: 4k page, system-wide physical 2815M (351M free)
TotalPageFile size 6993M (AvailPageFile size 1548M)
current process WorkingSet (physical memory assigned to process): 751M, peak: 758M
current process commit charge ("private bytes"): 1529M, peak: 3689M

vm_info: OpenJDK 64-Bit Server VM (17.0.18+8) for windows-amd64 JRE (17.0.18+8), built on Jan 20 2026 22:28:22 by "admin" with MS VC++ 17.12 (VS2022)

END.
